============================= test session starts ==============================
platform linux -- Python 3.12.3, pytest-9.0.2, pluggy-1.6.0 -- /home/ismoil/taurus-vision/backend/venv/bin/python3
cachedir: .pytest_cache
rootdir: /home/ismoil/taurus-vision/backend
configfile: pytest.ini
plugins: anyio-4.12.1, asyncio-1.3.0
asyncio: mode=Mode.AUTO, debug=False, asyncio_default_fixture_loop_scope=None, asyncio_default_test_loop_scope=function
collecting ... collected 936 items

tests/test_api/test_adi_api.py::TestFarmSummary::test_farm_summary_empty_db ERROR [  0%]
tests/test_api/test_adi_api.py::TestFarmSummary::test_farm_summary_fields ERROR [  0%]
tests/test_api/test_adi_api.py::TestFarmSummary::test_farm_summary_with_animals ERROR [  0%]
tests/test_api/test_adi_api.py::TestFarmSummary::test_no_token ERROR     [  0%]
tests/test_api/test_adi_api.py::TestAnimalADI::test_animal_adi_no_log ERROR [  0%]
tests/test_api/test_adi_api.py::TestAnimalADI::test_animal_adi_nonexistent ERROR [  0%]
tests/test_api/test_adi_api.py::TestADICalculate::test_calculate_valid ERROR [  0%]
tests/test_api/test_adi_api.py::TestADICalculate::test_calculate_missing_animal ERROR [  0%]
tests/test_api/test_adi_api.py::TestADICalculate::test_calculate_response_has_score ERROR [  0%]
tests/test_api/test_alerts_api.py::TestAlertList::test_list_empty ERROR  [  1%]
tests/test_api/test_alerts_api.py::TestAlertList::test_list_with_alerts ERROR [  1%]
tests/test_api/test_alerts_api.py::TestAlertList::test_list_filter_severity ERROR [  1%]
tests/test_api/test_alerts_api.py::TestAlertList::test_list_no_token ERROR [  1%]
tests/test_api/test_alerts_api.py::TestAlertStats::test_stats_empty ERROR [  1%]
tests/test_api/test_alerts_api.py::TestAlertStats::test_stats_with_data ERROR [  1%]
tests/test_api/test_alerts_api.py::TestAlertCreate::test_create_valid ERROR [  1%]
tests/test_api/test_alerts_api.py::TestAlertCreate::test_create_missing_animal ERROR [  1%]
tests/test_api/test_alerts_api.py::TestAlertCreate::test_create_no_token ERROR [  1%]
tests/test_api/test_alerts_api.py::TestAlertGet::test_get_existing ERROR [  2%]
tests/test_api/test_alerts_api.py::TestAlertGet::test_get_nonexistent ERROR [  2%]
tests/test_api/test_alerts_api.py::TestAlertActions::test_mark_seen ERROR [  2%]
tests/test_api/test_alerts_api.py::TestAlertActions::test_resolve ERROR  [  2%]
tests/test_api/test_alerts_api.py::TestAlertActions::test_dismiss ERROR  [  2%]
tests/test_api/test_alerts_api.py::TestAlertActions::test_resolve_nonexistent ERROR [  2%]
tests/test_api/test_alerts_api.py::TestAlertActions::test_no_token ERROR [  2%]
tests/test_api/test_analytics_api.py::TestDashboardOverview::test_200_empty_db ERROR [  2%]
tests/test_api/test_analytics_api.py::TestDashboardOverview::test_required_top_level_sections ERROR [  2%]
tests/test_api/test_analytics_api.py::TestDashboardOverview::test_animals_section_fields ERROR [  2%]
tests/test_api/test_analytics_api.py::TestDashboardOverview::test_reflects_real_data ERROR [  3%]
tests/test_api/test_analytics_api.py::TestDashboardOverview::test_no_token_401 ERROR [  3%]
tests/test_api/test_analytics_api.py::TestDashboardOverview::test_invalid_token_401 ERROR [  3%]
tests/test_api/test_analytics_api.py::TestWeightTrends::test_200_empty ERROR [  3%]
tests/test_api/test_analytics_api.py::TestWeightTrends::test_schema_has_data_list ERROR [  3%]
tests/test_api/test_analytics_api.py::TestWeightTrends::test_with_data_returns_points ERROR [  3%]
tests/test_api/test_analytics_api.py::TestWeightTrends::test_per_animal_filter ERROR [  3%]
tests/test_api/test_analytics_api.py::TestWeightTrends::test_invalid_animal_404 ERROR [  3%]
tests/test_api/test_analytics_api.py::TestWeightTrends::test_aggregation_weekly ERROR [  3%]
tests/test_api/test_analytics_api.py::TestWeightTrends::test_invalid_aggregation_422 ERROR [  4%]
tests/test_api/test_analytics_api.py::TestWeightTrends::test_no_token_401 ERROR [  4%]
tests/test_api/test_analytics_api.py::TestDetectionPatterns::test_200_with_dates ERROR [  4%]
tests/test_api/test_analytics_api.py::TestDetectionPatterns::test_missing_dates_422 ERROR [  4%]
tests/test_api/test_analytics_api.py::TestDetectionPatterns::test_date_to_before_from_400 ERROR [  4%]
tests/test_api/test_analytics_api.py::TestDetectionPatterns::test_range_over_365_days_400 ERROR [  4%]
tests/test_api/test_analytics_api.py::TestDetectionPatterns::test_with_detections ERROR [  4%]
tests/test_api/test_analytics_api.py::TestDetectionPatterns::test_no_token_401 ERROR [  4%]
tests/test_api/test_analytics_api.py::TestHealthMetrics::test_200 ERROR  [  4%]
tests/test_api/test_analytics_api.py::TestHealthMetrics::test_required_fields ERROR [  5%]
tests/test_api/test_analytics_api.py::TestHealthMetrics::test_risk_score_in_range ERROR [  5%]
tests/test_api/test_analytics_api.py::TestHealthMetrics::test_no_token_401 ERROR [  5%]
tests/test_api/test_analytics_api.py::TestCameraPerformance::test_200 ERROR [  5%]
tests/test_api/test_analytics_api.py::TestCameraPerformance::test_has_cameras_or_data ERROR [  5%]
tests/test_api/test_analytics_api.py::TestCameraPerformance::test_days_param_range ERROR [  5%]
tests/test_api/test_analytics_api.py::TestCameraPerformance::test_no_token_401 ERROR [  5%]
tests/test_api/test_analytics_api.py::TestADITrends::test_200_empty ERROR [  5%]
tests/test_api/test_analytics_api.py::TestADITrends::test_schema_fields ERROR [  5%]
tests/test_api/test_analytics_api.py::TestADITrends::test_stats_subfields ERROR [  5%]
tests/test_api/test_analytics_api.py::TestADITrends::test_with_data_returns_points ERROR [  6%]
tests/test_api/test_analytics_api.py::TestADITrends::test_individual_animal ERROR [  6%]
tests/test_api/test_analytics_api.py::TestADITrends::test_trend_direction_valid_values ERROR [  6%]
tests/test_api/test_analytics_api.py::TestADITrends::test_declining_animal_trend ERROR [  6%]
tests/test_api/test_analytics_api.py::TestADITrends::test_invalid_animal_404 ERROR [  6%]
tests/test_api/test_analytics_api.py::TestADITrends::test_days_boundaries_valid ERROR [  6%]
tests/test_api/test_analytics_api.py::TestADITrends::test_days_too_low_422 ERROR [  6%]
tests/test_api/test_analytics_api.py::TestADITrends::test_no_token_401 ERROR [  6%]
tests/test_api/test_analytics_api.py::TestGrowthTrends::test_200_empty ERROR [  6%]
tests/test_api/test_analytics_api.py::TestGrowthTrends::test_schema_fields ERROR [  7%]
tests/test_api/test_analytics_api.py::TestGrowthTrends::test_regression_present_with_data ERROR [  7%]
tests/test_api/test_analytics_api.py::TestGrowthTrends::test_regression_fields_when_present ERROR [  7%]
tests/test_api/test_analytics_api.py::TestGrowthTrends::test_weight_increasing_for_growing_animal ERROR [  7%]
tests/test_api/test_analytics_api.py::TestGrowthTrends::test_invalid_animal_404 ERROR [  7%]
tests/test_api/test_analytics_api.py::TestGrowthTrends::test_days_min_boundary ERROR [  7%]
tests/test_api/test_analytics_api.py::TestGrowthTrends::test_days_too_low_422 ERROR [  7%]
tests/test_api/test_analytics_api.py::TestGrowthTrends::test_no_token_401 ERROR [  7%]
tests/test_api/test_analytics_api.py::TestBehaviorTrends::test_200_empty ERROR [  7%]
tests/test_api/test_analytics_api.py::TestBehaviorTrends::test_schema_fields ERROR [  8%]
tests/test_api/test_analytics_api.py::TestBehaviorTrends::test_with_adi_data_returns_points ERROR [  8%]
tests/test_api/test_analytics_api.py::TestBehaviorTrends::test_individual_animal ERROR [  8%]
tests/test_api/test_analytics_api.py::TestBehaviorTrends::test_invalid_animal_404 ERROR [  8%]
tests/test_api/test_analytics_api.py::TestBehaviorTrends::test_no_token_401 ERROR [  8%]
tests/test_api/test_analytics_api.py::TestAnimalComparison::test_200_two_animals ERROR [  8%]
tests/test_api/test_analytics_api.py::TestAnimalComparison::test_schema_fields ERROR [  8%]
tests/test_api/test_analytics_api.py::TestAnimalComparison::test_all_three_animals ERROR [  8%]
tests/test_api/test_analytics_api.py::TestAnimalComparison::test_missing_param_422 ERROR [  8%]
tests/test_api/test_analytics_api.py::TestAnimalComparison::test_empty_ids_400 ERROR [  8%]
tests/test_api/test_analytics_api.py::TestAnimalComparison::test_over_10_animals_400 ERROR [  9%]
tests/test_api/test_analytics_api.py::TestAnimalComparison::test_non_integer_ids_400 ERROR [  9%]
tests/test_api/test_analytics_api.py::TestAnimalComparison::test_nonexistent_id_error ERROR [  9%]
tests/test_api/test_analytics_api.py::TestAnimalComparison::test_days_reflected_in_response ERROR [  9%]
tests/test_api/test_analytics_api.py::TestAnimalComparison::test_no_token_401 ERROR [  9%]
tests/test_api/test_analytics_api.py::TestPeriodComparison::test_200_empty ERROR [  9%]
tests/test_api/test_analytics_api.py::TestPeriodComparison::test_schema_fields ERROR [  9%]
tests/test_api/test_analytics_api.py::TestPeriodComparison::test_deltas_is_list ERROR [  9%]
tests/test_api/test_analytics_api.py::TestPeriodComparison::test_overall_assessment_valid_value ERROR [  9%]
tests/test_api/test_analytics_api.py::TestPeriodComparison::test_days_7_and_90 ERROR [ 10%]
tests/test_api/test_analytics_api.py::TestPeriodComparison::test_days_too_low_422 ERROR [ 10%]
tests/test_api/test_analytics_api.py::TestPeriodComparison::test_no_token_401 ERROR [ 10%]
tests/test_api/test_analytics_api.py::TestHerdStatistics::test_200_empty ERROR [ 10%]
tests/test_api/test_analytics_api.py::TestHerdStatistics::test_top_level_schema ERROR [ 10%]
tests/test_api/test_analytics_api.py::TestHerdStatistics::test_kpi_fields_present ERROR [ 10%]
tests/test_api/test_analytics_api.py::TestHerdStatistics::test_feed_efficiency_none_without_feed_data ERROR [ 10%]
tests/test_api/test_analytics_api.py::TestHerdStatistics::test_adi_distribution_categories ERROR [ 10%]
tests/test_api/test_analytics_api.py::TestHerdStatistics::test_active_animals_count ERROR [ 10%]
tests/test_api/test_analytics_api.py::TestHerdStatistics::test_species_breakdown_correct ERROR [ 11%]
tests/test_api/test_analytics_api.py::TestHerdStatistics::test_health_score_in_range ERROR [ 11%]
tests/test_api/test_analytics_api.py::TestHerdStatistics::test_coverage_pct_in_range ERROR [ 11%]
tests/test_api/test_analytics_api.py::TestHerdStatistics::test_age_distribution_is_list ERROR [ 11%]
tests/test_api/test_analytics_api.py::TestHerdStatistics::test_adi_distribution_totals_match_animals ERROR [ 11%]
tests/test_api/test_analytics_api.py::TestHerdStatistics::test_no_token_401 ERROR [ 11%]
tests/test_api/test_analytics_api.py::TestAutomatedInsights::test_200_empty ERROR [ 11%]
tests/test_api/test_analytics_api.py::TestAutomatedInsights::test_schema_fields ERROR [ 11%]
tests/test_api/test_analytics_api.py::TestAutomatedInsights::test_summary_subfields ERROR [ 11%]
tests/test_api/test_analytics_api.py::TestAutomatedInsights::test_summary_total_equals_list_length ERROR [ 11%]
tests/test_api/test_analytics_api.py::TestAutomatedInsights::test_with_data_generates_insights ERROR [ 12%]
tests/test_api/test_analytics_api.py::TestAutomatedInsights::test_insight_item_required_fields ERROR [ 12%]
tests/test_api/test_analytics_api.py::TestAutomatedInsights::test_insight_severity_valid_values ERROR [ 12%]
tests/test_api/test_analytics_api.py::TestAutomatedInsights::test_action_required_is_bool ERROR [ 12%]
tests/test_api/test_analytics_api.py::TestAutomatedInsights::test_days_param_valid_range ERROR [ 12%]
tests/test_api/test_analytics_api.py::TestAutomatedInsights::test_days_too_low_422 ERROR [ 12%]
tests/test_api/test_analytics_api.py::TestAutomatedInsights::test_no_token_401 ERROR [ 12%]
tests/test_api/test_analytics_api.py::TestAnalyticsRoleAccess::test_manager_reads_all ERROR [ 12%]
tests/test_api/test_analytics_api.py::TestAnalyticsRoleAccess::test_viewer_reads_all ERROR [ 12%]
tests/test_api/test_animals_api.py::TestAnimalsList::test_list_empty ERROR [ 13%]
tests/test_api/test_animals_api.py::TestAnimalsList::test_list_with_animals ERROR [ 13%]
tests/test_api/test_animals_api.py::TestAnimalsList::test_list_pagination ERROR [ 13%]
tests/test_api/test_animals_api.py::TestAnimalsList::test_list_filter_species ERROR [ 13%]
tests/test_api/test_animals_api.py::TestAnimalsList::test_list_no_token ERROR [ 13%]
tests/test_api/test_animals_api.py::TestAnimalCreate::test_create_valid ERROR [ 13%]
tests/test_api/test_animals_api.py::TestAnimalCreate::test_create_duplicate_tag ERROR [ 13%]
tests/test_api/test_animals_api.py::TestAnimalCreate::test_create_invalid_species ERROR [ 13%]
tests/test_api/test_animals_api.py::TestAnimalCreate::test_create_missing_required_field ERROR [ 13%]
tests/test_api/test_animals_api.py::TestAnimalCreate::test_create_no_token ERROR [ 13%]
tests/test_api/test_animals_api.py::TestAnimalGet::test_get_existing ERROR [ 14%]
tests/test_api/test_animals_api.py::TestAnimalGet::test_get_nonexistent ERROR [ 14%]
tests/test_api/test_animals_api.py::TestAnimalGet::test_get_response_fields ERROR [ 14%]
tests/test_api/test_animals_api.py::TestAnimalGet::test_get_no_token ERROR [ 14%]
tests/test_api/test_animals_api.py::TestAnimalUpdate::test_update_status ERROR [ 14%]
tests/test_api/test_animals_api.py::TestAnimalUpdate::test_update_notes ERROR [ 14%]
tests/test_api/test_animals_api.py::TestAnimalUpdate::test_update_nonexistent ERROR [ 14%]
tests/test_api/test_animals_api.py::TestAnimalUpdate::test_update_no_token ERROR [ 14%]
tests/test_api/test_animals_api.py::TestAnimalDelete::test_delete_existing ERROR [ 14%]
tests/test_api/test_animals_api.py::TestAnimalDelete::test_delete_nonexistent ERROR [ 15%]
tests/test_api/test_animals_api.py::TestAnimalDelete::test_delete_no_token ERROR [ 15%]
tests/test_api/test_animals_api.py::TestAnimalDetections::test_detections_empty ERROR [ 15%]
tests/test_api/test_animals_api.py::TestAnimalDetections::test_detections_with_data ERROR [ 15%]
tests/test_api/test_animals_api.py::TestAnimalDetections::test_detections_limit ERROR [ 15%]
tests/test_api/test_auth_api.py::TestLogin::test_login_success_username ERROR [ 15%]
tests/test_api/test_auth_api.py::TestLogin::test_login_success_email ERROR [ 15%]
tests/test_api/test_auth_api.py::TestLogin::test_login_wrong_password ERROR [ 15%]
tests/test_api/test_auth_api.py::TestLogin::test_login_unknown_user ERROR [ 15%]
tests/test_api/test_auth_api.py::TestLogin::test_login_missing_fields ERROR [ 16%]
tests/test_api/test_auth_api.py::TestLogin::test_login_inactive_user ERROR [ 16%]
tests/test_api/test_auth_api.py::TestRefresh::test_refresh_success ERROR [ 16%]
tests/test_api/test_auth_api.py::TestRefresh::test_refresh_invalid_token ERROR [ 16%]
tests/test_api/test_auth_api.py::TestRefresh::test_refresh_empty_token ERROR [ 16%]
tests/test_api/test_auth_api.py::TestRefresh::test_refresh_access_token_rejected ERROR [ 16%]
tests/test_api/test_auth_api.py::TestLogout::test_logout_success ERROR   [ 16%]
tests/test_api/test_auth_api.py::TestLogout::test_logout_without_token ERROR [ 16%]
tests/test_api/test_auth_api.py::TestLogout::test_refresh_after_logout_fails ERROR [ 16%]
tests/test_api/test_auth_api.py::TestMe::test_me_authenticated ERROR     [ 16%]
tests/test_api/test_auth_api.py::TestMe::test_me_unauthenticated ERROR   [ 17%]
tests/test_api/test_auth_api.py::TestMe::test_me_invalid_token ERROR     [ 17%]
tests/test_api/test_behavior_api.py::TestAnimalBehavior::test_behavior_no_data ERROR [ 17%]
tests/test_api/test_behavior_api.py::TestAnimalBehavior::test_behavior_response_structure ERROR [ 17%]
tests/test_api/test_behavior_api.py::TestAnimalBehavior::test_behavior_with_detections ERROR [ 17%]
tests/test_api/test_behavior_api.py::TestAnimalBehavior::test_behavior_score_range ERROR [ 17%]
tests/test_api/test_behavior_api.py::TestAnimalBehavior::test_behavior_status_values ERROR [ 17%]
tests/test_api/test_behavior_api.py::TestAnimalBehavior::test_behavior_hours_param ERROR [ 17%]
tests/test_api/test_behavior_api.py::TestAnimalBehavior::test_behavior_hours_invalid ERROR [ 17%]
tests/test_api/test_behavior_api.py::TestAnimalBehavior::test_behavior_nonexistent_animal ERROR [ 18%]
tests/test_api/test_behavior_api.py::TestAnimalBehavior::test_behavior_requires_auth ERROR [ 18%]
tests/test_api/test_behavior_api.py::TestAnimalBehavior::test_behavior_animal_tag_correct ERROR [ 18%]
tests/test_api/test_behavior_api.py::TestTriggerBehaviorAnalysis::test_trigger_returns_analysis ERROR [ 18%]
tests/test_api/test_behavior_api.py::TestTriggerBehaviorAnalysis::test_trigger_requires_manager ERROR [ 18%]
tests/test_api/test_behavior_api.py::TestTriggerBehaviorAnalysis::test_trigger_nonexistent_animal ERROR [ 18%]
tests/test_api/test_behavior_api.py::TestHerdSummary::test_herd_summary_structure ERROR [ 18%]
tests/test_api/test_behavior_api.py::TestHerdSummary::test_herd_summary_counts_consistent ERROR [ 18%]
tests/test_api/test_behavior_api.py::TestHerdSummary::test_herd_summary_avg_scores_range ERROR [ 18%]
tests/test_api/test_behavior_api.py::TestHerdSummary::test_herd_summary_hours_param ERROR [ 19%]
tests/test_api/test_behavior_api.py::TestHerdSummary::test_herd_summary_invalid_hours ERROR [ 19%]
tests/test_api/test_behavior_api.py::TestHerdSummary::test_herd_summary_attention_needed_structure ERROR [ 19%]
tests/test_api/test_behavior_api.py::TestBehaviorTimeline::test_timeline_empty ERROR [ 19%]
tests/test_api/test_behavior_api.py::TestBehaviorTimeline::test_timeline_with_detections ERROR [ 19%]
tests/test_api/test_behavior_api.py::TestBehaviorTimeline::test_timeline_entry_structure ERROR [ 19%]
tests/test_api/test_behavior_api.py::TestBehaviorTimeline::test_timeline_sorted_chronologically ERROR [ 19%]
tests/test_api/test_behavior_api.py::TestBehaviorTimeline::test_timeline_hours_minimum ERROR [ 19%]
tests/test_api/test_behavior_api.py::TestBehaviorTimeline::test_timeline_nonexistent_animal ERROR [ 19%]
tests/test_api/test_behavior_api.py::TestBehaviorAnomalies::test_anomalies_no_detections ERROR [ 19%]
tests/test_api/test_behavior_api.py::TestBehaviorAnomalies::test_anomaly_structure ERROR [ 20%]
tests/test_api/test_behavior_api.py::TestBehaviorAnomalies::test_anomaly_severity_values ERROR [ 20%]
tests/test_api/test_behavior_api.py::TestBehaviorAnomalies::test_anomalies_days_param ERROR [ 20%]
tests/test_api/test_behavior_api.py::TestBehaviorAnomalies::test_anomalies_invalid_days ERROR [ 20%]
tests/test_api/test_behavior_api.py::TestBehaviorAnomalies::test_anomalies_nonexistent_animal ERROR [ 20%]
tests/test_api/test_behavior_api.py::TestBehaviorAnomalies::test_anomalies_requires_auth ERROR [ 20%]
tests/test_api/test_breeding_api.py::TestBreedingAuthGuard::test_list_no_token ERROR [ 20%]
tests/test_api/test_breeding_api.py::TestBreedingAuthGuard::test_create_no_token ERROR [ 20%]
tests/test_api/test_breeding_api.py::TestBreedingAuthGuard::test_stats_no_token ERROR [ 20%]
tests/test_api/test_breeding_api.py::TestBreedingCreate::test_create_natural ERROR [ 21%]
tests/test_api/test_breeding_api.py::TestBreedingCreate::test_create_ai_method ERROR [ 21%]
tests/test_api/test_breeding_api.py::TestBreedingCreate::test_create_missing_dam_rejected ERROR [ 21%]
tests/test_api/test_breeding_api.py::TestBreedingCreate::test_viewer_cannot_create ERROR [ 21%]
tests/test_api/test_breeding_api.py::TestBreedingList::test_list_empty ERROR [ 21%]
tests/test_api/test_breeding_api.py::TestBreedingList::test_list_with_data ERROR [ 21%]
tests/test_api/test_breeding_api.py::TestBreedingList::test_active_pregnancies ERROR [ 21%]
tests/test_api/test_breeding_api.py::TestBreedingList::test_stats ERROR  [ 21%]
tests/test_api/test_breeding_api.py::TestBreedingList::test_available_females ERROR [ 21%]
tests/test_api/test_breeding_api.py::TestBreedingList::test_available_males ERROR [ 22%]
tests/test_api/test_breeding_api.py::TestBreedingDetail::test_get_existing ERROR [ 22%]
tests/test_api/test_breeding_api.py::TestBreedingDetail::test_get_nonexistent ERROR [ 22%]
tests/test_api/test_breeding_api.py::TestBreedingDetail::test_update_notes ERROR [ 22%]
tests/test_api/test_breeding_api.py::TestBreedingDetail::test_delete ERROR [ 22%]
tests/test_api/test_breeding_api.py::TestBreedingDetail::test_mark_failed ERROR [ 22%]
tests/test_api/test_breeding_api.py::TestBreedingDetail::test_genealogy ERROR [ 22%]
tests/test_api/test_breeding_api.py::TestBreedingDetail::test_animal_history ERROR [ 22%]
tests/test_api/test_cameras.py::TestHealthRecordCreate::test_create_minimal ERROR [ 22%]
tests/test_api/test_cameras.py::TestHealthRecordCreate::test_create_full_payload ERROR [ 22%]
tests/test_api/test_cameras.py::TestHealthRecordCreate::test_create_critical_severity ERROR [ 23%]
tests/test_api/test_cameras.py::TestHealthRecordCreate::test_create_all_record_types ERROR [ 23%]
tests/test_api/test_cameras.py::TestHealthRecordCreate::test_create_requires_manager ERROR [ 23%]
tests/test_api/test_cameras.py::TestHealthRecordCreate::test_create_nonexistent_animal ERROR [ 23%]
tests/test_api/test_cameras.py::TestHealthRecordCreate::test_create_invalid_record_type ERROR [ 23%]
tests/test_api/test_cameras.py::TestHealthRecordCreate::test_create_unauthenticated ERROR [ 23%]
tests/test_api/test_cameras.py::TestHealthRecordList::test_list_empty ERROR [ 23%]
tests/test_api/test_cameras.py::TestHealthRecordList::test_list_with_records ERROR [ 23%]
tests/test_api/test_cameras.py::TestHealthRecordList::test_list_filter_by_type ERROR [ 23%]
tests/test_api/test_cameras.py::TestHealthRecordList::test_list_filter_by_severity ERROR [ 24%]
tests/test_api/test_cameras.py::TestHealthRecordList::test_list_pagination ERROR [ 24%]
tests/test_api/test_cameras.py::TestHealthRecordList::test_list_nonexistent_animal ERROR [ 24%]
tests/test_api/test_cameras.py::TestHealthRecordDetail::test_get_existing ERROR [ 24%]
tests/test_api/test_cameras.py::TestHealthRecordDetail::test_get_nonexistent ERROR [ 24%]
tests/test_api/test_cameras.py::TestHealthRecordDetail::test_get_all_fields_present ERROR [ 24%]
tests/test_api/test_cameras.py::TestHealthRecordUpdate::test_update_diagnosis ERROR [ 24%]
tests/test_api/test_cameras.py::TestHealthRecordUpdate::test_update_severity ERROR [ 24%]
tests/test_api/test_cameras.py::TestHealthRecordUpdate::test_update_requires_manager ERROR [ 24%]
tests/test_api/test_cameras.py::TestHealthRecordUpdate::test_update_nonexistent ERROR [ 25%]
tests/test_api/test_cameras.py::TestHealthRecordResolve::test_resolve_open_record ERROR [ 25%]
tests/test_api/test_cameras.py::TestHealthRecordResolve::test_resolve_requires_manager ERROR [ 25%]
tests/test_api/test_cameras.py::TestHealthRecordResolve::test_resolve_nonexistent ERROR [ 25%]
tests/test_api/test_cameras.py::TestHealthRecordDelete::test_delete_record ERROR [ 25%]
tests/test_api/test_cameras.py::TestHealthRecordDelete::test_delete_requires_manager ERROR [ 25%]
tests/test_api/test_cameras.py::TestHealthRecordDelete::test_delete_nonexistent ERROR [ 25%]
tests/test_api/test_cameras.py::TestHealthSummary::test_summary_structure ERROR [ 25%]
tests/test_api/test_cameras.py::TestHealthSummary::test_summary_health_score_range ERROR [ 25%]
tests/test_api/test_cameras.py::TestHealthSummary::test_summary_critical_record_lowers_score ERROR [ 25%]
tests/test_api/test_cameras.py::TestHealthSummary::test_summary_nonexistent_animal ERROR [ 26%]
tests/test_api/test_cameras.py::TestHealthStatistics::test_statistics_structure ERROR [ 26%]
tests/test_api/test_cameras.py::TestHealthStatistics::test_statistics_no_token ERROR [ 26%]
tests/test_api/test_cameras.py::TestUnresolvedAndCritical::test_unresolved_includes_new_records ERROR [ 26%]
tests/test_api/test_cameras.py::TestUnresolvedAndCritical::test_critical_endpoint ERROR [ 26%]
tests/test_api/test_cameras.py::TestUnresolvedAndCritical::test_upcoming_checkups ERROR [ 26%]
tests/test_api/test_cameras_api.py::TestCamerasAPI::test_register_simulated_camera_success ERROR [ 26%]
tests/test_api/test_cameras_api.py::TestCamerasAPI::test_register_rtsp_camera_success ERROR [ 26%]
tests/test_api/test_cameras_api.py::TestCamerasAPI::test_register_usb_camera_success ERROR [ 26%]
tests/test_api/test_cameras_api.py::TestCamerasAPI::test_register_camera_invalid_config ERROR [ 27%]
tests/test_api/test_cameras_api.py::TestCamerasAPI::test_register_camera_missing_required_field_rtsp ERROR [ 27%]
tests/test_api/test_cameras_api.py::TestCamerasAPI::test_register_duplicate_camera_id ERROR [ 27%]
tests/test_api/test_cameras_api.py::TestCamerasAPI::test_list_cameras_empty ERROR [ 27%]
tests/test_api/test_cameras_api.py::TestCamerasAPI::test_list_cameras_multiple ERROR [ 27%]
tests/test_api/test_cameras_api.py::TestCamerasAPI::test_get_camera_stats_success ERROR [ 27%]
tests/test_api/test_cameras_api.py::TestCamerasAPI::test_get_camera_stats_nonexistent ERROR [ 27%]
tests/test_api/test_cameras_api.py::TestCamerasAPI::test_get_all_camera_stats_empty ERROR [ 27%]
tests/test_api/test_cameras_api.py::TestCamerasAPI::test_get_all_camera_stats_multiple ERROR [ 27%]
tests/test_api/test_cameras_api.py::TestCamerasAPI::test_start_camera_success ERROR [ 27%]
tests/test_api/test_cameras_api.py::TestCamerasAPI::test_start_camera_nonexistent ERROR [ 28%]
tests/test_api/test_cameras_api.py::TestCamerasAPI::test_stop_camera_success ERROR [ 28%]
tests/test_api/test_cameras_api.py::TestCamerasAPI::test_stop_camera_nonexistent ERROR [ 28%]
tests/test_api/test_cameras_api.py::TestCamerasAPI::test_start_stop_cycle ERROR [ 28%]
tests/test_api/test_cameras_api.py::TestCamerasAPI::test_unregister_camera_success ERROR [ 28%]
tests/test_api/test_cameras_api.py::TestCamerasAPI::test_unregister_camera_nonexistent ERROR [ 28%]
tests/test_api/test_cameras_api.py::TestCamerasAPI::test_unregister_removes_from_list ERROR [ 28%]
tests/test_api/test_cameras_api.py::TestCamerasAPI::test_start_all_cameras_success ERROR [ 28%]
tests/test_api/test_cameras_api.py::TestCamerasAPI::test_start_all_cameras_empty ERROR [ 28%]
tests/test_api/test_cameras_api.py::TestCamerasAPI::test_stop_all_cameras_success ERROR [ 29%]
tests/test_api/test_cameras_api.py::TestCamerasAPI::test_camera_health_check_no_cameras ERROR [ 29%]
tests/test_api/test_cameras_api.py::TestCamerasAPI::test_camera_health_check_all_healthy ERROR [ 29%]
tests/test_api/test_cameras_api.py::TestCamerasAPI::test_camera_health_check_mixed_states ERROR [ 29%]
tests/test_api/test_cameras_api.py::TestCamerasAPI::test_complete_workflow ERROR [ 29%]
tests/test_api/test_cameras_api.py::TestSystemMetricsEndpoint::test_system_metrics_structure ERROR [ 29%]
tests/test_api/test_cameras_api.py::TestSystemMetricsEndpoint::test_system_metrics_values_in_range ERROR [ 29%]
tests/test_api/test_cameras_api.py::TestPipelineStatusEndpoint::test_all_status_format ERROR [ 29%]
tests/test_api/test_cameras_api.py::TestPipelineStatusEndpoint::test_unauthenticated_denied ERROR [ 29%]
tests/test_api/test_detection_api.py::TestDetectionUpload::test_upload_no_file ERROR [ 30%]
tests/test_api/test_detection_api.py::TestDetectionUpload::test_upload_invalid_file_type ERROR [ 30%]
tests/test_api/test_detection_api.py::TestDetectionUpload::test_upload_png_success ERROR [ 30%]
tests/test_api/test_detection_api.py::TestDetectionUpload::test_no_token ERROR [ 30%]
tests/test_api/test_detection_api.py::TestDetectionBase64::test_base64_invalid_data ERROR [ 30%]
tests/test_api/test_detection_api.py::TestDetectionBase64::test_base64_missing_field ERROR [ 30%]
tests/test_api/test_detection_api.py::TestDetectionBase64::test_base64_success ERROR [ 30%]
tests/test_api/test_detection_api.py::TestDetectionModelInfo::test_model_info ERROR [ 30%]
tests/test_api/test_detection_api.py::TestDetectionModelInfo::test_no_token ERROR [ 30%]
tests/test_api/test_detection_api.py::TestDetectionHealth::test_health_check ERROR [ 30%]
tests/test_api/test_employees_api.py::TestEmployeesAuthGuard::test_list_no_token ERROR [ 31%]
tests/test_api/test_employees_api.py::TestEmployeesAuthGuard::test_create_no_token ERROR [ 31%]
tests/test_api/test_employees_api.py::TestEmployeesAuthGuard::test_stats_no_token ERROR [ 31%]
tests/test_api/test_employees_api.py::TestEmployeeStats::test_stats_empty_db ERROR [ 31%]
tests/test_api/test_employees_api.py::TestEmployeeStats::test_stats_with_employees ERROR [ 31%]
tests/test_api/test_employees_api.py::TestEmployeeList::test_list_empty ERROR [ 31%]
tests/test_api/test_employees_api.py::TestEmployeeList::test_list_with_employees ERROR [ 31%]
tests/test_api/test_employees_api.py::TestEmployeeList::test_list_pagination ERROR [ 31%]
tests/test_api/test_employees_api.py::TestEmployeeList::test_list_filter_by_status ERROR [ 31%]
tests/test_api/test_employees_api.py::TestEmployeeList::test_list_search ERROR [ 32%]
tests/test_api/test_employees_api.py::TestEmployeeCreate::test_create_minimal ERROR [ 32%]
tests/test_api/test_employees_api.py::TestEmployeeCreate::test_create_full ERROR [ 32%]
tests/test_api/test_employees_api.py::TestEmployeeCreate::test_create_short_name_rejected ERROR [ 32%]
tests/test_api/test_employees_api.py::TestEmployeeCreate::test_create_empty_name_rejected ERROR [ 32%]
tests/test_api/test_employees_api.py::TestEmployeeCreate::test_viewer_cannot_create ERROR [ 32%]
tests/test_api/test_employees_api.py::TestEmployeeCreate::test_create_negative_salary_rejected ERROR [ 32%]
tests/test_api/test_employees_api.py::TestEmployeeDetail::test_get_existing ERROR [ 32%]
tests/test_api/test_employees_api.py::TestEmployeeDetail::test_get_nonexistent ERROR [ 32%]
tests/test_api/test_employees_api.py::TestEmployeeDetail::test_update_name ERROR [ 33%]
tests/test_api/test_employees_api.py::TestEmployeeDetail::test_update_phone ERROR [ 33%]
tests/test_api/test_employees_api.py::TestEmployeeDetail::test_viewer_cannot_update ERROR [ 33%]
tests/test_api/test_employees_api.py::TestEmployeeDetail::test_deactivate_requires_admin ERROR [ 33%]
tests/test_api/test_employees_api.py::TestEmployeeDetail::test_deactivate_as_admin ERROR [ 33%]
tests/test_api/test_employees_api.py::TestWorkerTaskStats::test_stats_empty ERROR [ 33%]
tests/test_api/test_employees_api.py::TestWorkerTaskStats::test_stats_with_tasks ERROR [ 33%]
tests/test_api/test_employees_api.py::TestWorkerTaskList::test_list_empty ERROR [ 33%]
tests/test_api/test_employees_api.py::TestWorkerTaskList::test_list_with_tasks ERROR [ 33%]
tests/test_api/test_employees_api.py::TestWorkerTaskList::test_filter_by_status ERROR [ 33%]
tests/test_api/test_employees_api.py::TestWorkerTaskList::test_filter_by_employee ERROR [ 34%]
tests/test_api/test_employees_api.py::TestWorkerTaskCreate::test_create_minimal ERROR [ 34%]
tests/test_api/test_employees_api.py::TestWorkerTaskCreate::test_create_full ERROR [ 34%]
tests/test_api/test_employees_api.py::TestWorkerTaskCreate::test_create_empty_title_rejected ERROR [ 34%]
tests/test_api/test_employees_api.py::TestWorkerTaskCreate::test_viewer_cannot_create_task ERROR [ 34%]
tests/test_api/test_employees_api.py::TestWorkerTaskDetail::test_get_existing ERROR [ 34%]
tests/test_api/test_employees_api.py::TestWorkerTaskDetail::test_get_nonexistent ERROR [ 34%]
tests/test_api/test_employees_api.py::TestWorkerTaskDetail::test_start_task ERROR [ 34%]
tests/test_api/test_employees_api.py::TestWorkerTaskDetail::test_complete_task ERROR [ 34%]
tests/test_api/test_employees_api.py::TestWorkerTaskDetail::test_cancel_task ERROR [ 35%]
tests/test_api/test_employees_api.py::TestWorkerTaskDetail::test_viewer_cannot_cancel ERROR [ 35%]
tests/test_api/test_export_api.py::TestExportAuthGuard::test_animals_csv_no_token ERROR [ 35%]
tests/test_api/test_export_api.py::TestExportAuthGuard::test_animals_excel_no_token ERROR [ 35%]
tests/test_api/test_export_api.py::TestExportAuthGuard::test_detections_csv_no_token ERROR [ 35%]
tests/test_api/test_export_api.py::TestExportAuthGuard::test_weights_excel_no_token ERROR [ 35%]
tests/test_api/test_export_api.py::TestExportAuthGuard::test_all_excel_no_token ERROR [ 35%]
tests/test_api/test_export_api.py::TestExportTemplates::test_get_templates ERROR [ 35%]
tests/test_api/test_export_api.py::TestExportTemplates::test_templates_have_required_fields ERROR [ 35%]
tests/test_api/test_export_api.py::TestExportAnimalsCSV::test_empty_db ERROR [ 36%]
tests/test_api/test_export_api.py::TestExportAnimalsCSV::test_with_animals ERROR [ 36%]
tests/test_api/test_export_api.py::TestExportAnimalsCSV::test_filter_status ERROR [ 36%]
tests/test_api/test_export_api.py::TestExportAnimalsCSV::test_filter_species ERROR [ 36%]
tests/test_api/test_export_api.py::TestExportAnimalsCSV::test_filter_combined ERROR [ 36%]
tests/test_api/test_export_api.py::TestExportAnimalsCSV::test_content_disposition ERROR [ 36%]
tests/test_api/test_export_api.py::TestExportAnimalsCSV::test_viewer_can_export ERROR [ 36%]
tests/test_api/test_export_api.py::TestExportAnimalsExcel::test_empty_db ERROR [ 36%]
tests/test_api/test_export_api.py::TestExportAnimalsExcel::test_with_animals ERROR [ 36%]
tests/test_api/test_export_api.py::TestExportAnimalsExcel::test_filter_status_query ERROR [ 36%]
tests/test_api/test_export_api.py::TestExportAnimalsExcel::test_filter_combined_query ERROR [ 37%]
tests/test_api/test_export_api.py::TestExportAnimalsExcel::test_content_disposition_xlsx ERROR [ 37%]
tests/test_api/test_export_api.py::TestExportDetectionsCSV::test_valid_range ERROR [ 37%]
tests/test_api/test_export_api.py::TestExportDetectionsCSV::test_missing_date_from ERROR [ 37%]
tests/test_api/test_export_api.py::TestExportDetectionsCSV::test_missing_date_to ERROR [ 37%]
tests/test_api/test_export_api.py::TestExportDetectionsCSV::test_inverted_date_range ERROR [ 37%]
tests/test_api/test_export_api.py::TestExportDetectionsCSV::test_over_365_days ERROR [ 37%]
tests/test_api/test_export_api.py::TestExportDetectionsCSV::test_with_animal_filter ERROR [ 37%]
tests/test_api/test_export_api.py::TestExportDetectionsCSV::test_with_detection_data ERROR [ 37%]
tests/test_api/test_export_api.py::TestExportWeightsExcel::test_all_animals ERROR [ 38%]
tests/test_api/test_export_api.py::TestExportWeightsExcel::test_specific_animal ERROR [ 38%]
tests/test_api/test_export_api.py::TestExportWeightsExcel::test_empty_list_rejected ERROR [ 38%]
tests/test_api/test_export_api.py::TestExportWeightsExcel::test_negative_id_rejected ERROR [ 38%]
tests/test_api/test_export_api.py::TestExportAllExcel::test_empty_db ERROR [ 38%]
tests/test_api/test_export_api.py::TestExportAllExcel::test_with_data ERROR [ 38%]
tests/test_api/test_export_api.py::TestExportAllExcel::test_viewer_allowed ERROR [ 38%]
tests/test_api/test_farms_tasks_feed_api.py::TestFarmsAPI::test_list_no_token ERROR [ 38%]
tests/test_api/test_farms_tasks_feed_api.py::TestFarmsAPI::test_list_empty ERROR [ 38%]
tests/test_api/test_farms_tasks_feed_api.py::TestFarmsAPI::test_create_farm ERROR [ 38%]
tests/test_api/test_farms_tasks_feed_api.py::TestFarmsAPI::test_create_missing_name_rejected ERROR [ 39%]
tests/test_api/test_farms_tasks_feed_api.py::TestFarmsAPI::test_viewer_cannot_create_farm ERROR [ 39%]
tests/test_api/test_farms_tasks_feed_api.py::TestFarmsAPI::test_get_farm ERROR [ 39%]
tests/test_api/test_farms_tasks_feed_api.py::TestFarmsAPI::test_get_nonexistent_farm ERROR [ 39%]
tests/test_api/test_farms_tasks_feed_api.py::TestFarmsAPI::test_update_farm ERROR [ 39%]
tests/test_api/test_farms_tasks_feed_api.py::TestFarmsAPI::test_deactivate_farm ERROR [ 39%]
tests/test_api/test_farms_tasks_feed_api.py::TestFarmsAPI::test_delete_farm ERROR [ 39%]
tests/test_api/test_farms_tasks_feed_api.py::TestFarmTasksAPI::test_list_no_token ERROR [ 39%]
tests/test_api/test_farms_tasks_feed_api.py::TestFarmTasksAPI::test_list_empty ERROR [ 39%]
tests/test_api/test_farms_tasks_feed_api.py::TestFarmTasksAPI::test_stats ERROR [ 40%]
tests/test_api/test_farms_tasks_feed_api.py::TestFarmTasksAPI::test_create_task ERROR [ 40%]
tests/test_api/test_farms_tasks_feed_api.py::TestFarmTasksAPI::test_create_empty_title_rejected ERROR [ 40%]
tests/test_api/test_farms_tasks_feed_api.py::TestFarmTasksAPI::test_viewer_cannot_create ERROR [ 40%]
tests/test_api/test_farms_tasks_feed_api.py::TestFarmTasksAPI::test_get_task ERROR [ 40%]
tests/test_api/test_farms_tasks_feed_api.py::TestFarmTasksAPI::test_get_nonexistent ERROR [ 40%]
tests/test_api/test_farms_tasks_feed_api.py::TestFarmTasksAPI::test_update_task ERROR [ 40%]
tests/test_api/test_farms_tasks_feed_api.py::TestFarmTasksAPI::test_start_task ERROR [ 40%]
tests/test_api/test_farms_tasks_feed_api.py::TestFarmTasksAPI::test_complete_task ERROR [ 40%]
tests/test_api/test_farms_tasks_feed_api.py::TestFarmTasksAPI::test_cancel_task ERROR [ 41%]
tests/test_api/test_farms_tasks_feed_api.py::TestFeedAPI::test_stocks_list_no_token ERROR [ 41%]
tests/test_api/test_farms_tasks_feed_api.py::TestFeedAPI::test_stocks_list_empty ERROR [ 41%]
tests/test_api/test_farms_tasks_feed_api.py::TestFeedAPI::test_stocks_stats ERROR [ 41%]
tests/test_api/test_farms_tasks_feed_api.py::TestFeedAPI::test_create_stock ERROR [ 41%]
tests/test_api/test_farms_tasks_feed_api.py::TestFeedAPI::test_create_negative_quantity_rejected ERROR [ 41%]
tests/test_api/test_farms_tasks_feed_api.py::TestFeedAPI::test_viewer_cannot_create_stock ERROR [ 41%]
tests/test_api/test_farms_tasks_feed_api.py::TestFeedAPI::test_get_stock ERROR [ 41%]
tests/test_api/test_farms_tasks_feed_api.py::TestFeedAPI::test_update_stock ERROR [ 41%]
tests/test_api/test_farms_tasks_feed_api.py::TestFeedAPI::test_restock ERROR [ 41%]
tests/test_api/test_farms_tasks_feed_api.py::TestFeedAPI::test_create_feed_record ERROR [ 42%]
tests/test_api/test_farms_tasks_feed_api.py::TestFeedAPI::test_list_feed_records ERROR [ 42%]
tests/test_api/test_finance_sensors_scales_api.py::TestFinanceAPI::test_list_no_token ERROR [ 42%]
tests/test_api/test_finance_sensors_scales_api.py::TestFinanceAPI::test_list_empty ERROR [ 42%]
tests/test_api/test_finance_sensors_scales_api.py::TestFinanceAPI::test_create_expense ERROR [ 42%]
tests/test_api/test_finance_sensors_scales_api.py::TestFinanceAPI::test_create_income ERROR [ 42%]
tests/test_api/test_finance_sensors_scales_api.py::TestFinanceAPI::test_create_negative_amount_rejected ERROR [ 42%]
tests/test_api/test_finance_sensors_scales_api.py::TestFinanceAPI::test_viewer_cannot_create ERROR [ 42%]
tests/test_api/test_finance_sensors_scales_api.py::TestFinanceAPI::test_get_transaction ERROR [ 42%]
tests/test_api/test_finance_sensors_scales_api.py::TestFinanceAPI::test_summary ERROR [ 43%]
tests/test_api/test_finance_sensors_scales_api.py::TestFinanceAPI::test_monthly_report ERROR [ 43%]
tests/test_api/test_finance_sensors_scales_api.py::TestFinanceAPI::test_update_transaction ERROR [ 43%]
tests/test_api/test_finance_sensors_scales_api.py::TestFinanceAPI::test_delete_transaction ERROR [ 43%]
tests/test_api/test_finance_sensors_scales_api.py::TestSensorsAPI::test_list_no_token ERROR [ 43%]
tests/test_api/test_finance_sensors_scales_api.py::TestSensorsAPI::test_list_readings ERROR [ 43%]
tests/test_api/test_finance_sensors_scales_api.py::TestSensorsAPI::test_create_reading ERROR [ 43%]
tests/test_api/test_finance_sensors_scales_api.py::TestSensorsAPI::test_device_status ERROR [ 43%]
tests/test_api/test_finance_sensors_scales_api.py::TestSensorsAPI::test_latest_readings ERROR [ 43%]
tests/test_api/test_finance_sensors_scales_api.py::TestSensorsAPI::test_anomalies ERROR [ 44%]
tests/test_api/test_finance_sensors_scales_api.py::TestScalesAPI::test_list_no_token ERROR [ 44%]
tests/test_api/test_finance_sensors_scales_api.py::TestScalesAPI::test_list_empty ERROR [ 44%]
tests/test_api/test_finance_sensors_scales_api.py::TestScalesAPI::test_create_scale ERROR [ 44%]
tests/test_api/test_finance_sensors_scales_api.py::TestScalesAPI::test_viewer_cannot_create_scale ERROR [ 44%]
tests/test_api/test_finance_sensors_scales_api.py::TestScalesAPI::test_get_scale ERROR [ 44%]
tests/test_api/test_finance_sensors_scales_api.py::TestScalesAPI::test_update_scale ERROR [ 44%]
tests/test_api/test_finance_sensors_scales_api.py::TestScalesAPI::test_delete_scale ERROR [ 44%]
tests/test_api/test_finance_sensors_scales_api.py::TestScalesAPI::test_manual_weight ERROR [ 44%]
tests/test_api/test_finance_sensors_scales_api.py::TestScalesAPI::test_weight_comparison ERROR [ 44%]
tests/test_api/test_medicine_api.py::TestMedicineAuthGuard::test_list_no_token ERROR [ 45%]
tests/test_api/test_medicine_api.py::TestMedicineAuthGuard::test_create_no_token ERROR [ 45%]
tests/test_api/test_medicine_api.py::TestMedicineCategories::test_get_categories ERROR [ 45%]
tests/test_api/test_medicine_api.py::TestMedicineCategories::test_summary ERROR [ 45%]
tests/test_api/test_medicine_api.py::TestMedicineCategories::test_low_stock ERROR [ 45%]
tests/test_api/test_medicine_api.py::TestMedicineCategories::test_expiring ERROR [ 45%]
tests/test_api/test_medicine_api.py::TestMedicineList::test_list_empty ERROR [ 45%]
tests/test_api/test_medicine_api.py::TestMedicineList::test_list_with_data ERROR [ 45%]
tests/test_api/test_medicine_api.py::TestMedicineCreate::test_create_minimal ERROR [ 45%]
tests/test_api/test_medicine_api.py::TestMedicineCreate::test_create_with_expiry ERROR [ 46%]
tests/test_api/test_medicine_api.py::TestMedicineCreate::test_create_short_name_rejected ERROR [ 46%]
tests/test_api/test_medicine_api.py::TestMedicineCreate::test_viewer_cannot_create ERROR [ 46%]
tests/test_api/test_medicine_api.py::TestMedicineDetail::test_get_existing ERROR [ 46%]
tests/test_api/test_medicine_api.py::TestMedicineDetail::test_get_nonexistent ERROR [ 46%]
tests/test_api/test_medicine_api.py::TestMedicineDetail::test_update ERROR [ 46%]
tests/test_api/test_medicine_api.py::TestMedicineDetail::test_restock ERROR [ 46%]
tests/test_api/test_medicine_api.py::TestMedicineDetail::test_delete ERROR [ 46%]
tests/test_api/test_milk_api.py::TestMilkAuthGuard::test_create_no_token ERROR [ 46%]
tests/test_api/test_milk_api.py::TestMilkAuthGuard::test_list_no_token ERROR [ 47%]
tests/test_api/test_milk_api.py::TestMilkCreate::test_create_minimal ERROR [ 47%]
tests/test_api/test_milk_api.py::TestMilkCreate::test_create_full ERROR  [ 47%]
tests/test_api/test_milk_api.py::TestMilkCreate::test_create_zero_milk_rejected ERROR [ 47%]
tests/test_api/test_milk_api.py::TestMilkCreate::test_viewer_cannot_create ERROR [ 47%]
tests/test_api/test_milk_api.py::TestMilkCreate::test_nonexistent_animal ERROR [ 47%]
tests/test_api/test_milk_api.py::TestMilkList::test_list_animal_records ERROR [ 47%]
tests/test_api/test_milk_api.py::TestMilkList::test_list_nonexistent_animal ERROR [ 47%]
tests/test_api/test_milk_api.py::TestMilkList::test_animal_summary ERROR [ 47%]
tests/test_api/test_milk_api.py::TestMilkList::test_farm_summary ERROR   [ 47%]
tests/test_api/test_milk_api.py::TestMilkList::test_daily_trend ERROR    [ 48%]
tests/test_api/test_milk_api.py::TestMilkUpdateDelete::test_update_record ERROR [ 48%]
tests/test_api/test_milk_api.py::TestMilkUpdateDelete::test_delete_record ERROR [ 48%]
tests/test_api/test_milk_api.py::TestMilkUpdateDelete::test_viewer_cannot_delete ERROR [ 48%]
tests/test_api/test_notifications_api.py::TestNotificationSettings::test_settings_structure ERROR [ 48%]
tests/test_api/test_notifications_api.py::TestNotificationSettings::test_settings_types ERROR [ 48%]
tests/test_api/test_notifications_api.py::TestNotificationSettings::test_settings_severity_rules_present ERROR [ 48%]
tests/test_api/test_notifications_api.py::TestNotificationSettings::test_settings_requires_auth ERROR [ 48%]
tests/test_api/test_notifications_api.py::TestNotificationSettings::test_settings_viewer_can_read ERROR [ 48%]
tests/test_api/test_notifications_api.py::TestEmailSend::test_test_email_log_mode ERROR [ 49%]
tests/test_api/test_notifications_api.py::TestEmailSend::test_test_email_invalid_format ERROR [ 49%]
tests/test_api/test_notifications_api.py::TestEmailSend::test_test_email_missing_recipient ERROR [ 49%]
tests/test_api/test_notifications_api.py::TestEmailSend::test_test_email_requires_manager ERROR [ 49%]
tests/test_api/test_notifications_api.py::TestEmailSend::test_test_email_no_auth ERROR [ 49%]
tests/test_api/test_notifications_api.py::TestAlertNotification::test_send_alert_notification ERROR [ 49%]
tests/test_api/test_notifications_api.py::TestAlertNotification::test_send_alert_with_recipients_override ERROR [ 49%]
tests/test_api/test_notifications_api.py::TestAlertNotification::test_send_nonexistent_alert ERROR [ 49%]
tests/test_api/test_notifications_api.py::TestAlertNotification::test_send_requires_manager ERROR [ 49%]
tests/test_api/test_notifications_api.py::TestAlertNotification::test_send_no_auth ERROR [ 50%]
tests/test_api/test_notifications_api.py::TestAlertNotification::test_send_returns_sent_flag ERROR [ 50%]
tests/test_api/test_notifications_api.py::TestBulkNotification::test_bulk_send_empty_queue ERROR [ 50%]
tests/test_api/test_notifications_api.py::TestBulkNotification::test_bulk_send_with_alerts ERROR [ 50%]
tests/test_api/test_notifications_api.py::TestBulkNotification::test_bulk_send_severity_filter ERROR [ 50%]
tests/test_api/test_notifications_api.py::TestBulkNotification::test_bulk_send_requires_manager ERROR [ 50%]
tests/test_api/test_notifications_api.py::TestBulkNotification::test_bulk_send_invalid_severity ERROR [ 50%]
tests/test_api/test_notifications_api.py::TestBulkNotification::test_bulk_send_returns_message ERROR [ 50%]
tests/test_api/test_pipeline_api.py::TestPipelineStatus::test_status_not_initialized ERROR [ 50%]
tests/test_api/test_pipeline_api.py::TestPipelineStatus::test_status_structure ERROR [ 50%]
tests/test_api/test_pipeline_api.py::TestPipelineStatus::test_no_token ERROR [ 51%]
tests/test_api/test_pipeline_api.py::TestPipelineStartVideo::test_start_video_file_not_found ERROR [ 51%]
tests/test_api/test_pipeline_api.py::TestPipelineStartVideo::test_start_video_missing_param ERROR [ 51%]
tests/test_api/test_pipeline_api.py::TestPipelineStop::test_stop_not_running ERROR [ 51%]
tests/test_api/test_pipeline_api.py::TestPipelineStop::test_no_token ERROR [ 51%]
tests/test_api/test_pipeline_api.py::TestOutputVideos::test_list_output_videos ERROR [ 51%]
tests/test_api/test_pipeline_api.py::TestInjectTestDetection::test_inject_requires_running_pipeline ERROR [ 51%]
tests/test_api/test_predictions_api.py::TestFarmSummary::test_returns_200 ERROR [ 51%]
tests/test_api/test_predictions_api.py::TestFarmSummary::test_required_fields ERROR [ 51%]
tests/test_api/test_predictions_api.py::TestFarmSummary::test_at_risk_animals_is_list ERROR [ 52%]
tests/test_api/test_predictions_api.py::TestFarmSummary::test_scores_non_negative ERROR [ 52%]
tests/test_api/test_predictions_api.py::TestFarmSummary::test_with_date_param ERROR [ 52%]
tests/test_api/test_predictions_api.py::TestFarmSummary::test_invalid_date_format ERROR [ 52%]
tests/test_api/test_predictions_api.py::TestFarmSummary::test_no_token_returns_401 ERROR [ 52%]
tests/test_api/test_predictions_api.py::TestFarmSummary::test_viewer_can_read ERROR [ 52%]
tests/test_api/test_predictions_api.py::TestAtRisk::test_returns_200 ERROR [ 52%]
tests/test_api/test_predictions_api.py::TestAtRisk::test_returns_list ERROR [ 52%]
tests/test_api/test_predictions_api.py::TestAtRisk::test_min_risk_param_medium ERROR [ 52%]
tests/test_api/test_predictions_api.py::TestAtRisk::test_min_risk_param_critical ERROR [ 52%]
tests/test_api/test_predictions_api.py::TestAtRisk::test_invalid_min_risk_returns_422 ERROR [ 53%]
tests/test_api/test_predictions_api.py::TestAtRisk::test_no_token_returns_401 ERROR [ 53%]
tests/test_api/test_predictions_api.py::TestAtRisk::test_item_schema ERROR [ 53%]
tests/test_api/test_predictions_api.py::TestAnimalPrediction::test_nonexistent_animal_404 ERROR [ 53%]
tests/test_api/test_predictions_api.py::TestAnimalPrediction::test_animal_with_no_adi_data ERROR [ 53%]
tests/test_api/test_predictions_api.py::TestAnimalPrediction::test_invalid_id_format ERROR [ 53%]
tests/test_api/test_predictions_api.py::TestAnimalPrediction::test_zero_id_invalid ERROR [ 53%]
tests/test_api/test_predictions_api.py::TestAnimalPrediction::test_no_token_returns_401 ERROR [ 53%]
tests/test_api/test_predictions_api.py::TestAnimalPrediction::test_viewer_can_read ERROR [ 53%]
tests/test_api/test_predictions_api.py::TestPredictionHistory::test_returns_200 ERROR [ 54%]
tests/test_api/test_predictions_api.py::TestPredictionHistory::test_history_schema ERROR [ 54%]
tests/test_api/test_predictions_api.py::TestPredictionHistory::test_days_param ERROR [ 54%]
tests/test_api/test_predictions_api.py::TestPredictionHistory::test_days_min_boundary ERROR [ 54%]
tests/test_api/test_predictions_api.py::TestPredictionHistory::test_days_max_boundary ERROR [ 54%]
tests/test_api/test_predictions_api.py::TestPredictionHistory::test_history_item_schema ERROR [ 54%]
tests/test_api/test_predictions_api.py::TestPredictionHistory::test_no_token_returns_401 ERROR [ 54%]
tests/test_api/test_predictions_api.py::TestManualPredict::test_admin_can_predict ERROR [ 54%]
tests/test_api/test_predictions_api.py::TestManualPredict::test_manager_can_predict ERROR [ 54%]
tests/test_api/test_predictions_api.py::TestManualPredict::test_viewer_cannot_predict ERROR [ 55%]
tests/test_api/test_predictions_api.py::TestManualPredict::test_no_token_returns_401 ERROR [ 55%]
tests/test_api/test_predictions_api.py::TestManualPredict::test_nonexistent_animal_404 ERROR [ 55%]
tests/test_api/test_predictions_api.py::TestManualPredict::test_response_schema_on_success ERROR [ 55%]
tests/test_api/test_predictions_api.py::TestFarmRun::test_admin_can_run ERROR [ 55%]
tests/test_api/test_predictions_api.py::TestFarmRun::test_manager_cannot_run ERROR [ 55%]
tests/test_api/test_predictions_api.py::TestFarmRun::test_viewer_cannot_run ERROR [ 55%]
tests/test_api/test_predictions_api.py::TestFarmRun::test_no_token_returns_401 ERROR [ 55%]
tests/test_api/test_predictions_api.py::TestFarmRun::test_response_schema ERROR [ 55%]
tests/test_api/test_predictions_api.py::TestTrainModels::test_admin_can_train ERROR [ 55%]
tests/test_api/test_predictions_api.py::TestTrainModels::test_manager_cannot_train ERROR [ 56%]
tests/test_api/test_predictions_api.py::TestTrainModels::test_viewer_cannot_train ERROR [ 56%]
tests/test_api/test_predictions_api.py::TestTrainModels::test_no_token_returns_401 ERROR [ 56%]
tests/test_api/test_predictions_api.py::TestTrainModels::test_response_schema ERROR [ 56%]
tests/test_api/test_predictions_api.py::TestTrainModels::test_days_back_validation ERROR [ 56%]
tests/test_api/test_predictions_api.py::TestTrainModels::test_days_back_max_validation ERROR [ 56%]
tests/test_api/test_predictions_api.py::TestTrainModels::test_cold_start_no_data ERROR [ 56%]
tests/test_api/test_predictions_api.py::TestModelStatus::test_returns_200 ERROR [ 56%]
tests/test_api/test_predictions_api.py::TestModelStatus::test_required_fields ERROR [ 56%]
tests/test_api/test_predictions_api.py::TestModelStatus::test_ensemble_weights_sum ERROR [ 57%]
tests/test_api/test_predictions_api.py::TestModelStatus::test_ensemble_weights_schema ERROR [ 57%]
tests/test_api/test_predictions_api.py::TestModelStatus::test_top_features_is_list ERROR [ 57%]
tests/test_api/test_predictions_api.py::TestModelStatus::test_status_message_is_string ERROR [ 57%]
tests/test_api/test_predictions_api.py::TestModelStatus::test_model_version_not_empty ERROR [ 57%]
tests/test_api/test_predictions_api.py::TestModelStatus::test_viewer_can_read_status ERROR [ 57%]
tests/test_api/test_predictions_api.py::TestModelStatus::test_no_token_returns_401 ERROR [ 57%]
tests/test_api/test_registration_api.py::TestMuzzleRegistration::test_register_animal_not_found ERROR [ 57%]
tests/test_api/test_registration_api.py::TestMuzzleRegistration::test_register_no_images ERROR [ 57%]
tests/test_api/test_registration_api.py::TestMuzzleRegistration::test_register_success ERROR [ 58%]
tests/test_api/test_registration_api.py::TestMuzzleRegistration::test_no_token ERROR [ 58%]
tests/test_api/test_registration_api.py::TestAnimalIdentification::test_identify_no_image ERROR [ 58%]
tests/test_api/test_registration_api.py::TestAnimalIdentification::test_identify_with_image ERROR [ 58%]
tests/test_api/test_registration_api.py::TestEmbeddingsList::test_list_embeddings_not_found_animal ERROR [ 58%]
tests/test_api/test_registration_api.py::TestEmbeddingsList::test_list_embeddings_empty ERROR [ 58%]
tests/test_api/test_registration_api.py::TestDeleteEmbedding::test_delete_not_found ERROR [ 58%]
tests/test_api/test_reports_api.py::TestAnimalReport::test_report_animal_not_found ERROR [ 58%]
tests/test_api/test_reports_api.py::TestAnimalReport::test_report_animal_success ERROR [ 58%]
tests/test_api/test_reports_api.py::TestAnimalReport::test_no_token ERROR [ 58%]
tests/test_api/test_reports_api.py::TestFarmReport::test_farm_report_empty ERROR [ 59%]
tests/test_api/test_reports_api.py::TestFarmReport::test_farm_report_with_animals ERROR [ 59%]
tests/test_api/test_reports_api.py::TestFarmReport::test_farm_report_format_pdf ERROR [ 59%]
tests/test_api/test_reports_api.py::TestHealthReport::test_health_report_empty ERROR [ 59%]
tests/test_api/test_reports_api.py::TestHealthReport::test_health_report_with_animals ERROR [ 59%]
tests/test_api/test_reports_api.py::TestReportPreview::test_preview_not_found ERROR [ 59%]
tests/test_api/test_weights_api.py::TestWeightCreate::test_create_valid ERROR [ 59%]
tests/test_api/test_weights_api.py::TestWeightCreate::test_create_missing_animal ERROR [ 59%]
tests/test_api/test_weights_api.py::TestWeightCreate::test_create_invalid_confidence ERROR [ 59%]
tests/test_api/test_weights_api.py::TestWeightCreate::test_create_zero_weight ERROR [ 60%]
tests/test_api/test_weights_api.py::TestWeightCreate::test_no_token ERROR [ 60%]
tests/test_api/test_weights_api.py::TestWeightList::test_list_empty ERROR [ 60%]
tests/test_api/test_weights_api.py::TestWeightList::test_list_with_data ERROR [ 60%]
tests/test_api/test_weights_api.py::TestWeightList::test_list_pagination ERROR [ 60%]
tests/test_api/test_weights_api.py::TestWeightRecent::test_recent_empty ERROR [ 60%]
tests/test_api/test_weights_api.py::TestWeightRecent::test_recent_with_data ERROR [ 60%]
tests/test_api/test_weights_api.py::TestWeightAnimal::test_animal_weights_empty ERROR [ 60%]
tests/test_api/test_weights_api.py::TestWeightAnimal::test_animal_weights_with_data ERROR [ 60%]
tests/test_api/test_weights_api.py::TestWeightStats::test_stats_no_data ERROR [ 61%]
tests/test_api/test_weights_api.py::TestWeightStats::test_stats_with_data ERROR [ 61%]
tests/test_integration/test_auth_flow.py::TestLogin::test_login_with_email_success ERROR [ 61%]
tests/test_integration/test_auth_flow.py::TestLogin::test_login_with_username_success ERROR [ 61%]
tests/test_integration/test_auth_flow.py::TestLogin::test_login_wrong_password ERROR [ 61%]
tests/test_integration/test_auth_flow.py::TestLogin::test_login_nonexistent_user ERROR [ 61%]
tests/test_integration/test_auth_flow.py::TestLogin::test_login_inactive_user ERROR [ 61%]
tests/test_integration/test_auth_flow.py::TestLogin::test_login_missing_identifier ERROR [ 61%]
tests/test_integration/test_auth_flow.py::TestLogin::test_login_updates_last_login_at ERROR [ 61%]
tests/test_integration/test_auth_flow.py::TestEndpointProtection::test_animals_without_token ERROR [ 61%]
tests/test_integration/test_auth_flow.py::TestEndpointProtection::test_analytics_without_token ERROR [ 62%]
tests/test_integration/test_auth_flow.py::TestEndpointProtection::test_alerts_without_token ERROR [ 62%]
tests/test_integration/test_auth_flow.py::TestEndpointProtection::test_adi_without_token ERROR [ 62%]
tests/test_integration/test_auth_flow.py::TestEndpointProtection::test_invalid_token_format ERROR [ 62%]
tests/test_integration/test_auth_flow.py::TestEndpointProtection::test_expired_looking_token ERROR [ 62%]
tests/test_integration/test_auth_flow.py::TestEndpointProtection::test_auth_endpoint_is_public ERROR [ 62%]
tests/test_integration/test_auth_flow.py::TestEndpointProtection::test_health_endpoint_is_public ERROR [ 62%]
tests/test_integration/test_auth_flow.py::TestAuthenticatedAccess::test_animals_with_valid_token ERROR [ 62%]
tests/test_integration/test_auth_flow.py::TestAuthenticatedAccess::test_get_me_returns_current_user ERROR [ 62%]
tests/test_integration/test_auth_flow.py::TestAuthenticatedAccess::test_multiple_users_isolated ERROR [ 63%]
tests/test_integration/test_auth_flow.py::TestTokenRefresh::test_refresh_returns_new_tokens ERROR [ 63%]
tests/test_integration/test_auth_flow.py::TestTokenRefresh::test_refresh_with_access_token_fails ERROR [ 63%]
tests/test_integration/test_auth_flow.py::TestTokenRefresh::test_invalid_refresh_token_fails ERROR [ 63%]
tests/test_integration/test_auth_flow.py::TestLogout::test_logout_success ERROR [ 63%]
tests/test_integration/test_auth_flow.py::TestLogout::test_logout_invalidates_refresh_token ERROR [ 63%]
tests/test_integration/test_auth_flow.py::TestLogout::test_logout_without_token ERROR [ 63%]
tests/test_integration/test_auth_flow.py::TestRoleBasedAccess::test_admin_can_list_users ERROR [ 63%]
tests/test_integration/test_auth_flow.py::TestRoleBasedAccess::test_viewer_cannot_list_users ERROR [ 63%]
tests/test_integration/test_auth_flow.py::TestRoleBasedAccess::test_manager_cannot_list_users ERROR [ 63%]
tests/test_integration/test_auth_flow.py::TestRoleBasedAccess::test_admin_can_create_user ERROR [ 64%]
tests/test_integration/test_auth_flow.py::TestRoleBasedAccess::test_viewer_cannot_create_user ERROR [ 64%]
tests/test_integration/test_auth_flow.py::TestPasswordChange::test_change_password_success ERROR [ 64%]
tests/test_integration/test_auth_flow.py::TestPasswordChange::test_change_password_wrong_current ERROR [ 64%]
tests/test_integration/test_auth_flow.py::TestPasswordChange::test_change_password_same_as_current ERROR [ 64%]
tests/test_integration/test_auth_flow.py::TestFullAuthChain::test_full_user_lifecycle ERROR [ 64%]
tests/test_integration/test_auth_flow.py::TestFullAuthChain::test_duplicate_email_rejected ERROR [ 64%]
tests/test_integration/test_auth_flow.py::TestFullAuthChain::test_admin_cannot_deactivate_self ERROR [ 64%]
tests/test_integration/test_camera_detection.py::TestCameraDetectionIntegration::test_camera_provides_valid_frames_for_detection PASSED [ 64%]
tests/test_integration/test_camera_detection.py::TestCameraDetectionIntegration::test_multiple_cameras_independent_frames PASSED [ 65%]
tests/test_integration/test_camera_detection.py::TestCameraDetectionIntegration::test_camera_frame_rate_consistency PASSED [ 65%]
tests/test_integration/test_camera_detection.py::TestCameraDetectionIntegration::test_camera_to_yolo_pipeline ERROR [ 65%]
tests/test_integration/test_camera_detection.py::TestCameraDetectionIntegration::test_camera_manager_with_multiple_cameras PASSED [ 65%]
tests/test_integration/test_camera_detection.py::TestCameraDetectionIntegration::test_camera_error_recovery PASSED [ 65%]
tests/test_integration/test_camera_detection.py::TestCameraDetectionIntegration::test_high_throughput_scenario PASSED [ 65%]
tests/test_integration/test_camera_detection.py::TestCameraDetectionIntegration::test_long_running_camera_stability PASSED [ 65%]
tests/test_integration/test_camera_detection.py::TestCameraDetectionIntegration::test_camera_restart_preserves_stats PASSED [ 65%]
tests/test_integration/test_camera_detection.py::TestCameraDetectionIntegration::test_concurrent_camera_access PASSED [ 65%]
tests/test_integration/test_camera_detection.py::TestCameraDetectionIntegration::test_camera_cleanup_on_error PASSED [ 66%]
tests/test_integration/test_camera_detection.py::TestCameraDetectionIntegration::test_memory_efficiency_long_session PASSED [ 66%]
tests/test_integration/test_camera_detection.py::TestCameraDetectionIntegration::test_api_to_camera_to_detection_workflow ERROR [ 66%]
tests/test_integration/test_health_alert_chain.py::TestADICriticalToHealthRecord::test_critical_adi_creates_alert FAILED [ 66%]
tests/test_integration/test_health_alert_chain.py::TestADICriticalToHealthRecord::test_critical_adi_auto_creates_health_record FAILED [ 66%]
tests/test_integration/test_health_alert_chain.py::TestADICriticalToHealthRecord::test_sharp_drop_creates_alert_and_checkup FAILED [ 66%]
tests/test_integration/test_health_alert_chain.py::TestADICriticalToHealthRecord::test_feeding_stopped_creates_alert FAILED [ 66%]
tests/test_integration/test_health_alert_chain.py::TestADICriticalToHealthRecord::test_healthy_adi_resolves_old_alerts FAILED [ 66%]
tests/test_integration/test_health_alert_chain.py::TestHealthRecordWebSocketBroadcast::test_health_record_triggers_ws_broadcast FAILED [ 66%]
tests/test_integration/test_health_alert_chain.py::TestHealthRecordWebSocketBroadcast::test_health_ws_broadcast_doesnt_break_on_error FAILED [ 66%]
tests/test_integration/test_health_alert_chain.py::TestAlertNotificationChain::test_new_alert_triggers_notification_task FAILED [ 67%]
tests/test_integration/test_health_alert_chain.py::TestAlertNotificationChain::test_duplicate_alert_not_duplicated FAILED [ 67%]
tests/test_integration/test_health_alert_chain.py::TestEndToEndHealthMonitoring::test_create_resolve_health_record_cycle ERROR [ 67%]
tests/test_integration/test_health_alert_chain.py::TestEndToEndHealthMonitoring::test_alert_to_notification_api_chain ERROR [ 67%]
tests/test_integration/test_health_alert_chain.py::TestEndToEndHealthMonitoring::test_behavior_then_alert_flow ERROR [ 67%]
tests/test_integration/test_health_alert_chain.py::TestEndToEndHealthMonitoring::test_full_health_monitoring_dashboard_data ERROR [ 67%]
tests/test_integration/test_weight_pipeline.py::TestWeightPipeline::test_inject_creates_weight ERROR [ 67%]
tests/test_integration/test_weight_pipeline.py::TestWeightPipeline::test_inject_weight_values ERROR [ 67%]
tests/test_integration/test_weight_pipeline.py::TestWeightPipeline::test_low_confidence_no_weight ERROR [ 67%]
tests/test_integration/test_weight_pipeline.py::TestWeightPipeline::test_multiple_inject_multiple_weights ERROR [ 68%]
tests/test_integration/test_weight_pipeline.py::TestWeightPipeline::test_unidentified_no_weight ERROR [ 68%]
tests/test_integration/test_weight_pipeline.py::TestWeightPipeline::test_inject_updates_animal_last_detected ERROR [ 68%]
tests/test_integration/test_weight_pipeline.py::TestWeightDashboard::test_weights_list_after_inject ERROR [ 68%]
tests/test_integration/test_weight_pipeline.py::TestWeightDashboard::test_animal_weights_after_inject ERROR [ 68%]
tests/test_services/test_behavior_service.py::TestScoreToStatus::test_excellent_boundary PASSED [ 68%]
tests/test_services/test_behavior_service.py::TestScoreToStatus::test_good_boundary PASSED [ 68%]
tests/test_services/test_behavior_service.py::TestScoreToStatus::test_fair_boundary PASSED [ 68%]
tests/test_services/test_behavior_service.py::TestScoreToStatus::test_poor_boundary PASSED [ 68%]
tests/test_services/test_behavior_service.py::TestScoreToStatus::test_critical_boundary PASSED [ 69%]
tests/test_services/test_behavior_service.py::TestComputeActivityScore::test_zero_detections PASSED [ 69%]
tests/test_services/test_behavior_service.py::TestComputeActivityScore::test_full_activity PASSED [ 69%]
tests/test_services/test_behavior_service.py::TestComputeActivityScore::test_half_period PASSED [ 69%]
tests/test_services/test_behavior_service.py::TestComputeActivityScore::test_percentage_cap_at_100 PASSED [ 69%]
tests/test_services/test_behavior_service.py::TestComputeActivityScore::test_low_activity PASSED [ 69%]
tests/test_services/test_behavior_service.py::TestComputeFeedingScore::test_normal_feeding PASSED [ 69%]
tests/test_services/test_behavior_service.py::TestComputeFeedingScore::test_zero_visits PASSED [ 69%]
tests/test_services/test_behavior_service.py::TestComputeFeedingScore::test_feeding_gap_penalty PASSED [ 69%]
tests/test_services/test_behavior_service.py::TestComputeFeedingScore::test_recent_feeding_no_penalty PASSED [ 69%]
tests/test_services/test_behavior_service.py::TestComputeFeedingScore::test_description_contains_last_feeding PASSED [ 70%]
tests/test_services/test_behavior_service.py::TestComputeMovementScore::test_very_active PASSED [ 70%]
tests/test_services/test_behavior_service.py::TestComputeMovementScore::test_moderate_movement PASSED [ 70%]
tests/test_services/test_behavior_service.py::TestComputeMovementScore::test_low_movement PASSED [ 70%]
tests/test_services/test_behavior_service.py::TestComputeMovementScore::test_almost_inactive PASSED [ 70%]
tests/test_services/test_behavior_service.py::TestComputeMovementScore::test_no_movement_data PASSED [ 70%]
tests/test_services/test_behavior_service.py::TestComputeSocialScore::test_highly_social PASSED [ 70%]
tests/test_services/test_behavior_service.py::TestComputeSocialScore::test_moderate_social FAILED [ 70%]
tests/test_services/test_behavior_service.py::TestComputeSocialScore::test_low_social PASSED [ 70%]
tests/test_services/test_behavior_service.py::TestComputeSocialScore::test_isolated PASSED [ 71%]
tests/test_services/test_behavior_service.py::TestComputeOverallScore::test_all_excellent PASSED [ 71%]
tests/test_services/test_behavior_service.py::TestComputeOverallScore::test_all_zero PASSED [ 71%]
tests/test_services/test_behavior_service.py::TestComputeOverallScore::test_weights_sum_to_one PASSED [ 71%]
tests/test_services/test_behavior_service.py::TestComputeOverallScore::test_weighted_average PASSED [ 71%]
tests/test_services/test_behavior_service.py::TestDetectAdiTrend::test_improving PASSED [ 71%]
tests/test_services/test_behavior_service.py::TestDetectAdiTrend::test_declining PASSED [ 71%]
tests/test_services/test_behavior_service.py::TestDetectAdiTrend::test_stable PASSED [ 71%]
tests/test_services/test_behavior_service.py::TestDetectAdiTrend::test_insufficient_data PASSED [ 71%]
tests/test_services/test_behavior_service.py::TestDetectAdiTrend::test_exactly_5_diff_improving PASSED [ 72%]
tests/test_services/test_behavior_service.py::TestDetectAdiTrend::test_exactly_minus5_diff_declining PASSED [ 72%]
tests/test_services/test_behavior_service.py::TestClassifyAnomalyType::test_feeding_gap_warning PASSED [ 72%]
tests/test_services/test_behavior_service.py::TestClassifyAnomalyType::test_feeding_stopped_critical PASSED [ 72%]
tests/test_services/test_behavior_service.py::TestClassifyAnomalyType::test_inactivity PASSED [ 72%]
tests/test_services/test_behavior_service.py::TestClassifyAnomalyType::test_low_movement PASSED [ 72%]
tests/test_services/test_behavior_service.py::TestClassifyAnomalyType::test_social_isolation PASSED [ 72%]
tests/test_services/test_behavior_service.py::TestClassifyAnomalyType::test_unknown PASSED [ 72%]
tests/test_services/test_behavior_service.py::TestBuildAnomaliesAndRecommendations::test_no_detections_triggers_anomaly PASSED [ 72%]
tests/test_services/test_behavior_service.py::TestBuildAnomaliesAndRecommendations::test_feeding_gap_anomaly PASSED [ 72%]
tests/test_services/test_behavior_service.py::TestBuildAnomaliesAndRecommendations::test_healthy_animal_no_anomalies PASSED [ 73%]
tests/test_services/test_behavior_service.py::TestBehaviorServiceAnalyzeAnimal::test_animal_not_found_raises_value_error PASSED [ 73%]
tests/test_services/test_behavior_service.py::TestBehaviorServiceAnalyzeAnimal::test_no_detections_returns_zero_scores PASSED [ 73%]
tests/test_services/test_behavior_service.py::TestBehaviorServiceAnalyzeAnimal::test_result_has_correct_animal_id PASSED [ 73%]
tests/test_services/test_camera/test_camera_factory.py::TestCameraFactory::test_create_simulated_camera_success PASSED [ 73%]
tests/test_services/test_camera/test_camera_factory.py::TestCameraFactory::test_create_rtsp_camera_success PASSED [ 73%]
tests/test_services/test_camera/test_camera_factory.py::TestCameraFactory::test_create_usb_camera_success PASSED [ 73%]
tests/test_services/test_camera/test_camera_factory.py::TestCameraFactory::test_create_camera_missing_camera_id PASSED [ 73%]
tests/test_services/test_camera/test_camera_factory.py::TestCameraFactory::test_create_camera_missing_type PASSED [ 73%]
tests/test_services/test_camera/test_camera_factory.py::TestCameraFactory::test_create_camera_invalid_type PASSED [ 74%]
tests/test_services/test_camera/test_camera_factory.py::TestCameraFactory::test_create_rtsp_camera_missing_url PASSED [ 74%]
tests/test_services/test_camera/test_camera_factory.py::TestCameraFactory::test_create_usb_camera_missing_device_index PASSED [ 74%]
tests/test_services/test_camera/test_camera_factory.py::TestCameraFactory::test_create_camera_default_fps PASSED [ 74%]
tests/test_services/test_camera/test_camera_factory.py::TestCameraFactory::test_create_camera_default_resolution PASSED [ 74%]
tests/test_services/test_camera/test_camera_factory.py::TestCameraFactory::test_create_camera_custom_parameters PASSED [ 74%]
tests/test_services/test_camera/test_camera_factory.py::TestCameraFactory::test_create_rtsp_camera_with_optional_params PASSED [ 74%]
tests/test_services/test_camera/test_camera_factory.py::TestCameraFactory::test_create_usb_camera_with_auto_reconnect PASSED [ 74%]
tests/test_services/test_camera/test_camera_factory.py::TestCameraFactory::test_validate_config_valid_simulated PASSED [ 74%]
tests/test_services/test_camera/test_camera_factory.py::TestCameraFactory::test_validate_config_valid_rtsp PASSED [ 75%]
tests/test_services/test_camera/test_camera_factory.py::TestCameraFactory::test_validate_config_valid_usb PASSED [ 75%]
tests/test_services/test_camera/test_camera_factory.py::TestCameraFactory::test_validate_config_missing_camera_id PASSED [ 75%]
tests/test_services/test_camera/test_camera_factory.py::TestCameraFactory::test_validate_config_missing_type PASSED [ 75%]
tests/test_services/test_camera/test_camera_factory.py::TestCameraFactory::test_validate_config_invalid_type PASSED [ 75%]
tests/test_services/test_camera/test_camera_factory.py::TestCameraFactory::test_validate_config_rtsp_missing_url PASSED [ 75%]
tests/test_services/test_camera/test_camera_factory.py::TestCameraFactory::test_validate_config_usb_missing_device_index PASSED [ 75%]
tests/test_services/test_camera/test_camera_factory.py::TestCameraFactory::test_validate_config_simulated_no_extra_requirements PASSED [ 75%]
tests/test_services/test_camera/test_camera_factory.py::TestCameraFactory::test_create_multiple_cameras_different_types PASSED [ 75%]
tests/test_services/test_camera/test_camera_factory.py::TestCameraFactory::test_create_camera_exception_handling PASSED [ 75%]
tests/test_services/test_camera/test_camera_factory.py::TestCameraFactory::test_factory_isolation PASSED [ 76%]
tests/test_services/test_camera/test_camera_manager.py::TestCameraManager::test_singleton_pattern PASSED [ 76%]
tests/test_services/test_camera/test_camera_manager.py::TestCameraManager::test_register_camera_success PASSED [ 76%]
tests/test_services/test_camera/test_camera_manager.py::TestCameraManager::test_register_camera_auto_start PASSED [ 76%]
tests/test_services/test_camera/test_camera_manager.py::TestCameraManager::test_register_duplicate_camera_id PASSED [ 76%]
tests/test_services/test_camera/test_camera_manager.py::TestCameraManager::test_unregister_camera_success PASSED [ 76%]
tests/test_services/test_camera/test_camera_manager.py::TestCameraManager::test_unregister_nonexistent_camera PASSED [ 76%]
tests/test_services/test_camera/test_camera_manager.py::TestCameraManager::test_get_camera_success PASSED [ 76%]
tests/test_services/test_camera/test_camera_manager.py::TestCameraManager::test_get_camera_nonexistent PASSED [ 76%]
tests/test_services/test_camera/test_camera_manager.py::TestCameraManager::test_list_cameras_empty PASSED [ 77%]
tests/test_services/test_camera/test_camera_manager.py::TestCameraManager::test_list_cameras_multiple PASSED [ 77%]
tests/test_services/test_camera/test_camera_manager.py::TestCameraManager::test_get_camera_stats_success PASSED [ 77%]
tests/test_services/test_camera/test_camera_manager.py::TestCameraManager::test_get_camera_stats_nonexistent PASSED [ 77%]
tests/test_services/test_camera/test_camera_manager.py::TestCameraManager::test_get_all_stats_empty PASSED [ 77%]
tests/test_services/test_camera/test_camera_manager.py::TestCameraManager::test_get_all_stats_multiple PASSED [ 77%]
tests/test_services/test_camera/test_camera_manager.py::TestCameraManager::test_start_camera_success PASSED [ 77%]
tests/test_services/test_camera/test_camera_manager.py::TestCameraManager::test_start_camera_nonexistent PASSED [ 77%]
tests/test_services/test_camera/test_camera_manager.py::TestCameraManager::test_stop_camera_success PASSED [ 77%]
tests/test_services/test_camera/test_camera_manager.py::TestCameraManager::test_stop_camera_nonexistent PASSED [ 77%]
tests/test_services/test_camera/test_camera_manager.py::TestCameraManager::test_start_all_cameras PASSED [ 78%]
tests/test_services/test_camera/test_camera_manager.py::TestCameraManager::test_stop_all_cameras PASSED [ 78%]
tests/test_services/test_camera/test_camera_manager.py::TestCameraManager::test_get_health_status_empty PASSED [ 78%]
tests/test_services/test_camera/test_camera_manager.py::TestCameraManager::test_get_health_status_all_healthy PASSED [ 78%]
tests/test_services/test_camera/test_camera_manager.py::TestCameraManager::test_get_health_status_mixed PASSED [ 78%]
tests/test_services/test_camera/test_camera_manager.py::TestCameraManager::test_cleanup PASSED [ 78%]
tests/test_services/test_camera/test_camera_manager.py::TestCameraManager::test_thread_safety_registration PASSED [ 78%]
tests/test_services/test_camera/test_camera_manager.py::TestCameraManager::test_concurrent_stats_access PASSED [ 78%]
tests/test_services/test_camera/test_edge_cases.py::TestCameraEdgeCases::test_camera_id_empty_string PASSED [ 78%]
tests/test_services/test_camera/test_edge_cases.py::TestCameraEdgeCases::test_camera_id_special_characters PASSED [ 79%]
tests/test_services/test_camera/test_edge_cases.py::TestCameraEdgeCases::test_camera_id_very_long PASSED [ 79%]
tests/test_services/test_camera/test_edge_cases.py::TestCameraEdgeCases::test_fps_zero PASSED [ 79%]
tests/test_services/test_camera/test_edge_cases.py::TestCameraEdgeCases::test_fps_negative PASSED [ 79%]
tests/test_services/test_camera/test_edge_cases.py::TestCameraEdgeCases::test_fps_extremely_high PASSED [ 79%]
tests/test_services/test_camera/test_edge_cases.py::TestCameraEdgeCases::test_resolution_minimum PASSED [ 79%]
tests/test_services/test_camera/test_edge_cases.py::TestCameraEdgeCases::test_resolution_maximum PASSED [ 79%]
tests/test_services/test_camera/test_edge_cases.py::TestCameraEdgeCases::test_resolution_zero PASSED [ 79%]
tests/test_services/test_camera/test_edge_cases.py::TestCameraEdgeCases::test_rapid_start_stop_cycles PASSED [ 79%]
tests/test_services/test_camera/test_edge_cases.py::TestCameraEdgeCases::test_many_cameras_registration PASSED [ 80%]
tests/test_services/test_camera/test_edge_cases.py::TestCameraEdgeCases::test_get_frame_rapid_succession PASSED [ 80%]
tests/test_services/test_camera/test_edge_cases.py::TestCameraEdgeCases::test_concurrent_camera_managers PASSED [ 80%]
tests/test_services/test_camera/test_edge_cases.py::TestCameraEdgeCases::test_camera_without_stop_cleanup PASSED [ 80%]
tests/test_services/test_camera/test_edge_cases.py::TestCameraEdgeCases::test_invalid_config_combinations PASSED [ 80%]
tests/test_services/test_camera/test_edge_cases.py::TestCameraEdgeCases::test_manager_operations_on_nonexistent_camera PASSED [ 80%]
tests/test_services/test_camera/test_edge_cases.py::TestCameraEdgeCases::test_stats_with_no_frames_captured PASSED [ 80%]
tests/test_services/test_camera/test_edge_cases.py::TestCameraEdgeCases::test_unicode_in_camera_config PASSED [ 80%]
tests/test_services/test_camera/test_edge_cases.py::TestCameraEdgeCases::test_extremely_large_frame_count PASSED [ 80%]
tests/test_services/test_camera/test_edge_cases.py::TestCameraEdgeCases::test_negative_error_count PASSED [ 80%]
tests/test_services/test_camera/test_edge_cases.py::TestCameraEdgeCases::test_null_frame_handling PASSED [ 81%]
tests/test_services/test_camera/test_edge_cases.py::TestCameraEdgeCases::test_memory_usage_stability PASSED [ 81%]
tests/test_services/test_camera/test_edge_cases.py::TestCameraEdgeCases::test_simultaneous_operations PASSED [ 81%]
tests/test_services/test_camera/test_edge_cases.py::TestCameraEdgeCases::test_api_rapid_requests ERROR [ 81%]
tests/test_services/test_camera/test_edge_cases.py::TestCameraEdgeCases::test_api_malformed_json ERROR [ 81%]
tests/test_services/test_camera/test_edge_cases.py::TestCameraEdgeCases::test_manager_cleanup_with_running_cameras PASSED [ 81%]
tests/test_services/test_camera/test_rtsp_camera.py::TestRTSPCamera::test_initialization PASSED [ 81%]
tests/test_services/test_camera/test_rtsp_camera.py::TestRTSPCamera::test_start_success ERROR [ 81%]
tests/test_services/test_camera/test_rtsp_camera.py::TestRTSPCamera::test_start_connection_failure ERROR [ 81%]
tests/test_services/test_camera/test_rtsp_camera.py::TestRTSPCamera::test_get_frame_success ERROR [ 82%]
tests/test_services/test_camera/test_rtsp_camera.py::TestRTSPCamera::test_get_frame_read_failure ERROR [ 82%]
tests/test_services/test_camera/test_rtsp_camera.py::TestRTSPCamera::test_auto_reconnect_after_errors ERROR [ 82%]
tests/test_services/test_camera/test_rtsp_camera.py::TestRTSPCamera::test_frame_caching ERROR [ 82%]
tests/test_services/test_camera/test_rtsp_camera.py::TestRTSPCamera::test_stop ERROR [ 82%]
tests/test_services/test_camera/test_rtsp_camera.py::TestRTSPCamera::test_get_fps ERROR [ 82%]
tests/test_services/test_camera/test_rtsp_camera.py::TestRTSPCamera::test_get_resolution PASSED [ 82%]
tests/test_services/test_camera/test_rtsp_camera.py::TestRTSPCamera::test_get_stats ERROR [ 82%]
tests/test_services/test_camera/test_rtsp_camera.py::TestRTSPCamera::test_credential_masking PASSED [ 82%]
tests/test_services/test_camera/test_rtsp_camera.py::TestRTSPCamera::test_credential_masking_no_credentials PASSED [ 83%]
tests/test_services/test_camera/test_rtsp_camera.py::TestRTSPCamera::test_buffer_size_configuration ERROR [ 83%]
tests/test_services/test_camera/test_rtsp_camera.py::TestRTSPCamera::test_connection_timeout_configuration ERROR [ 83%]
tests/test_services/test_camera/test_rtsp_camera.py::TestRTSPCamera::test_reconnect_interval ERROR [ 83%]
tests/test_services/test_camera/test_rtsp_camera.py::TestRTSPCamera::test_frame_resize ERROR [ 83%]
tests/test_services/test_camera/test_rtsp_camera.py::TestRTSPCamera::test_statistics_tracking ERROR [ 83%]
tests/test_services/test_camera/test_rtsp_camera.py::TestRTSPCamera::test_error_count_increments ERROR [ 83%]
tests/test_services/test_camera/test_rtsp_camera.py::TestRTSPCamera::test_last_frame_age_tracking ERROR [ 83%]
tests/test_services/test_camera/test_rtsp_camera.py::TestRTSPCamera::test_not_running_returns_none PASSED [ 83%]
tests/test_services/test_camera/test_rtsp_camera.py::TestRTSPCamera::test_already_running_warning ERROR [ 83%]
tests/test_services/test_camera/test_rtsp_camera.py::TestRTSPCamera::test_exception_handling_in_get_frame ERROR [ 84%]
tests/test_services/test_camera/test_simulated_camera.py::TestSimulatedCamera::test_initialization PASSED [ 84%]
tests/test_services/test_camera/test_simulated_camera.py::TestSimulatedCamera::test_start_stop PASSED [ 84%]
tests/test_services/test_camera/test_simulated_camera.py::TestSimulatedCamera::test_start_already_running PASSED [ 84%]
tests/test_services/test_camera/test_simulated_camera.py::TestSimulatedCamera::test_get_frame_not_started PASSED [ 84%]
tests/test_services/test_camera/test_simulated_camera.py::TestSimulatedCamera::test_get_frame_success PASSED [ 84%]
tests/test_services/test_camera/test_simulated_camera.py::TestSimulatedCamera::test_multiple_frames PASSED [ 84%]
tests/test_services/test_camera/test_simulated_camera.py::TestSimulatedCamera::test_frame_counter_increments PASSED [ 84%]
tests/test_services/test_camera/test_simulated_camera.py::TestSimulatedCamera::test_get_fps PASSED [ 84%]
[...]
ERROR tests/test_api/test_milk_api.py::TestMilkUpdateDelete::test_viewer_cannot_delete
ERROR tests/test_api/test_notifications_api.py::TestNotificationSettings::test_settings_structure
ERROR tests/test_api/test_notifications_api.py::TestNotificationSettings::test_settings_types
ERROR tests/test_api/test_notifications_api.py::TestNotificationSettings::test_settings_severity_rules_present
ERROR tests/test_api/test_notifications_api.py::TestNotificationSettings::test_settings_requires_auth
ERROR tests/test_api/test_notifications_api.py::TestNotificationSettings::test_settings_viewer_can_read
ERROR tests/test_api/test_notifications_api.py::TestEmailSend::test_test_email_log_mode
ERROR tests/test_api/test_notifications_api.py::TestEmailSend::test_test_email_invalid_format
ERROR tests/test_api/test_notifications_api.py::TestEmailSend::test_test_email_missing_recipient
ERROR tests/test_api/test_notifications_api.py::TestEmailSend::test_test_email_requires_manager
ERROR tests/test_api/test_notifications_api.py::TestEmailSend::test_test_email_no_auth
ERROR tests/test_api/test_notifications_api.py::TestAlertNotification::test_send_alert_notification
ERROR tests/test_api/test_notifications_api.py::TestAlertNotification::test_send_alert_with_recipients_override
ERROR tests/test_api/test_notifications_api.py::TestAlertNotification::test_send_nonexistent_alert
ERROR tests/test_api/test_notifications_api.py::TestAlertNotification::test_send_requires_manager
ERROR tests/test_api/test_notifications_api.py::TestAlertNotification::test_send_no_auth
ERROR tests/test_api/test_notifications_api.py::TestAlertNotification::test_send_returns_sent_flag
ERROR tests/test_api/test_notifications_api.py::TestBulkNotification::test_bulk_send_empty_queue
ERROR tests/test_api/test_notifications_api.py::TestBulkNotification::test_bulk_send_with_alerts
ERROR tests/test_api/test_notifications_api.py::TestBulkNotification::test_bulk_send_severity_filter
ERROR tests/test_api/test_notifications_api.py::TestBulkNotification::test_bulk_send_requires_manager
ERROR tests/test_api/test_notifications_api.py::TestBulkNotification::test_bulk_send_invalid_severity
ERROR tests/test_api/test_notifications_api.py::TestBulkNotification::test_bulk_send_returns_message
ERROR tests/test_api/test_pipeline_api.py::TestPipelineStatus::test_status_not_initialized
ERROR tests/test_api/test_pipeline_api.py::TestPipelineStatus::test_status_structure
ERROR tests/test_api/test_pipeline_api.py::TestPipelineStatus::test_no_token
ERROR tests/test_api/test_pipeline_api.py::TestPipelineStartVideo::test_start_video_file_not_found
ERROR tests/test_api/test_pipeline_api.py::TestPipelineStartVideo::test_start_video_missing_param
ERROR tests/test_api/test_pipeline_api.py::TestPipelineStop::test_stop_not_running
ERROR tests/test_api/test_pipeline_api.py::TestPipelineStop::test_no_token - ...
ERROR tests/test_api/test_pipeline_api.py::TestOutputVideos::test_list_output_videos
ERROR tests/test_api/test_pipeline_api.py::TestInjectTestDetection::test_inject_requires_running_pipeline
ERROR tests/test_api/test_predictions_api.py::TestFarmSummary::test_returns_200
ERROR tests/test_api/test_predictions_api.py::TestFarmSummary::test_required_fields
ERROR tests/test_api/test_predictions_api.py::TestFarmSummary::test_at_risk_animals_is_list
ERROR tests/test_api/test_predictions_api.py::TestFarmSummary::test_scores_non_negative
ERROR tests/test_api/test_predictions_api.py::TestFarmSummary::test_with_date_param
ERROR tests/test_api/test_predictions_api.py::TestFarmSummary::test_invalid_date_format
ERROR tests/test_api/test_predictions_api.py::TestFarmSummary::test_no_token_returns_401
ERROR tests/test_api/test_predictions_api.py::TestFarmSummary::test_viewer_can_read
ERROR tests/test_api/test_predictions_api.py::TestAtRisk::test_returns_200 - ...
ERROR tests/test_api/test_predictions_api.py::TestAtRisk::test_returns_list
ERROR tests/test_api/test_predictions_api.py::TestAtRisk::test_min_risk_param_medium
ERROR tests/test_api/test_predictions_api.py::TestAtRisk::test_min_risk_param_critical
ERROR tests/test_api/test_predictions_api.py::TestAtRisk::test_invalid_min_risk_returns_422
ERROR tests/test_api/test_predictions_api.py::TestAtRisk::test_no_token_returns_401
ERROR tests/test_api/test_predictions_api.py::TestAtRisk::test_item_schema - ...
ERROR tests/test_api/test_predictions_api.py::TestAnimalPrediction::test_nonexistent_animal_404
ERROR tests/test_api/test_predictions_api.py::TestAnimalPrediction::test_animal_with_no_adi_data
ERROR tests/test_api/test_predictions_api.py::TestAnimalPrediction::test_invalid_id_format
ERROR tests/test_api/test_predictions_api.py::TestAnimalPrediction::test_zero_id_invalid
ERROR tests/test_api/test_predictions_api.py::TestAnimalPrediction::test_no_token_returns_401
ERROR tests/test_api/test_predictions_api.py::TestAnimalPrediction::test_viewer_can_read
ERROR tests/test_api/test_predictions_api.py::TestPredictionHistory::test_returns_200
ERROR tests/test_api/test_predictions_api.py::TestPredictionHistory::test_history_schema
ERROR tests/test_api/test_predictions_api.py::TestPredictionHistory::test_days_param
ERROR tests/test_api/test_predictions_api.py::TestPredictionHistory::test_days_min_boundary
ERROR tests/test_api/test_predictions_api.py::TestPredictionHistory::test_days_max_boundary
ERROR tests/test_api/test_predictions_api.py::TestPredictionHistory::test_history_item_schema
ERROR tests/test_api/test_predictions_api.py::TestPredictionHistory::test_no_token_returns_401
ERROR tests/test_api/test_predictions_api.py::TestManualPredict::test_admin_can_predict
ERROR tests/test_api/test_predictions_api.py::TestManualPredict::test_manager_can_predict
ERROR tests/test_api/test_predictions_api.py::TestManualPredict::test_viewer_cannot_predict
ERROR tests/test_api/test_predictions_api.py::TestManualPredict::test_no_token_returns_401
ERROR tests/test_api/test_predictions_api.py::TestManualPredict::test_nonexistent_animal_404
ERROR tests/test_api/test_predictions_api.py::TestManualPredict::test_response_schema_on_success
ERROR tests/test_api/test_predictions_api.py::TestFarmRun::test_admin_can_run
ERROR tests/test_api/test_predictions_api.py::TestFarmRun::test_manager_cannot_run
ERROR tests/test_api/test_predictions_api.py::TestFarmRun::test_viewer_cannot_run
ERROR tests/test_api/test_predictions_api.py::TestFarmRun::test_no_token_returns_401
ERROR tests/test_api/test_predictions_api.py::TestFarmRun::test_response_schema
ERROR tests/test_api/test_predictions_api.py::TestTrainModels::test_admin_can_train
ERROR tests/test_api/test_predictions_api.py::TestTrainModels::test_manager_cannot_train
ERROR tests/test_api/test_predictions_api.py::TestTrainModels::test_viewer_cannot_train
ERROR tests/test_api/test_predictions_api.py::TestTrainModels::test_no_token_returns_401
ERROR tests/test_api/test_predictions_api.py::TestTrainModels::test_response_schema
ERROR tests/test_api/test_predictions_api.py::TestTrainModels::test_days_back_validation
ERROR tests/test_api/test_predictions_api.py::TestTrainModels::test_days_back_max_validation
ERROR tests/test_api/test_predictions_api.py::TestTrainModels::test_cold_start_no_data
ERROR tests/test_api/test_predictions_api.py::TestModelStatus::test_returns_200
ERROR tests/test_api/test_predictions_api.py::TestModelStatus::test_required_fields
ERROR tests/test_api/test_predictions_api.py::TestModelStatus::test_ensemble_weights_sum
ERROR tests/test_api/test_predictions_api.py::TestModelStatus::test_ensemble_weights_schema
ERROR tests/test_api/test_predictions_api.py::TestModelStatus::test_top_features_is_list
ERROR tests/test_api/test_predictions_api.py::TestModelStatus::test_status_message_is_string
ERROR tests/test_api/test_predictions_api.py::TestModelStatus::test_model_version_not_empty
ERROR tests/test_api/test_predictions_api.py::TestModelStatus::test_viewer_can_read_status
ERROR tests/test_api/test_predictions_api.py::TestModelStatus::test_no_token_returns_401
ERROR tests/test_api/test_registration_api.py::TestMuzzleRegistration::test_register_animal_not_found
ERROR tests/test_api/test_registration_api.py::TestMuzzleRegistration::test_register_no_images
ERROR tests/test_api/test_registration_api.py::TestMuzzleRegistration::test_register_success
ERROR tests/test_api/test_registration_api.py::TestMuzzleRegistration::test_no_token
ERROR tests/test_api/test_registration_api.py::TestAnimalIdentification::test_identify_no_image
ERROR tests/test_api/test_registration_api.py::TestAnimalIdentification::test_identify_with_image
ERROR tests/test_api/test_registration_api.py::TestEmbeddingsList::test_list_embeddings_not_found_animal
ERROR tests/test_api/test_registration_api.py::TestEmbeddingsList::test_list_embeddings_empty
ERROR tests/test_api/test_registration_api.py::TestDeleteEmbedding::test_delete_not_found
ERROR tests/test_api/test_reports_api.py::TestAnimalReport::test_report_animal_not_found
ERROR tests/test_api/test_reports_api.py::TestAnimalReport::test_report_animal_success
ERROR tests/test_api/test_reports_api.py::TestAnimalReport::test_no_token - M...
ERROR tests/test_api/test_reports_api.py::TestFarmReport::test_farm_report_empty
ERROR tests/test_api/test_reports_api.py::TestFarmReport::test_farm_report_with_animals
ERROR tests/test_api/test_reports_api.py::TestFarmReport::test_farm_report_format_pdf
ERROR tests/test_api/test_reports_api.py::TestHealthReport::test_health_report_empty
ERROR tests/test_api/test_reports_api.py::TestHealthReport::test_health_report_with_animals
ERROR tests/test_api/test_reports_api.py::TestReportPreview::test_preview_not_found
ERROR tests/test_api/test_weights_api.py::TestWeightCreate::test_create_valid
ERROR tests/test_api/test_weights_api.py::TestWeightCreate::test_create_missing_animal
ERROR tests/test_api/test_weights_api.py::TestWeightCreate::test_create_invalid_confidence
ERROR tests/test_api/test_weights_api.py::TestWeightCreate::test_create_zero_weight
ERROR tests/test_api/test_weights_api.py::TestWeightCreate::test_no_token - M...
ERROR tests/test_api/test_weights_api.py::TestWeightList::test_list_empty - M...
ERROR tests/test_api/test_weights_api.py::TestWeightList::test_list_with_data
ERROR tests/test_api/test_weights_api.py::TestWeightList::test_list_pagination
ERROR tests/test_api/test_weights_api.py::TestWeightRecent::test_recent_empty
ERROR tests/test_api/test_weights_api.py::TestWeightRecent::test_recent_with_data
ERROR tests/test_api/test_weights_api.py::TestWeightAnimal::test_animal_weights_empty
ERROR tests/test_api/test_weights_api.py::TestWeightAnimal::test_animal_weights_with_data
ERROR tests/test_api/test_weights_api.py::TestWeightStats::test_stats_no_data
ERROR tests/test_api/test_weights_api.py::TestWeightStats::test_stats_with_data
ERROR tests/test_integration/test_auth_flow.py::TestLogin::test_login_with_email_success
ERROR tests/test_integration/test_auth_flow.py::TestLogin::test_login_with_username_success
ERROR tests/test_integration/test_auth_flow.py::TestLogin::test_login_wrong_password
ERROR tests/test_integration/test_auth_flow.py::TestLogin::test_login_nonexistent_user
ERROR tests/test_integration/test_auth_flow.py::TestLogin::test_login_inactive_user
ERROR tests/test_integration/test_auth_flow.py::TestLogin::test_login_missing_identifier
ERROR tests/test_integration/test_auth_flow.py::TestLogin::test_login_updates_last_login_at
ERROR tests/test_integration/test_auth_flow.py::TestEndpointProtection::test_animals_without_token
ERROR tests/test_integration/test_auth_flow.py::TestEndpointProtection::test_analytics_without_token
ERROR tests/test_integration/test_auth_flow.py::TestEndpointProtection::test_alerts_without_token
ERROR tests/test_integration/test_auth_flow.py::TestEndpointProtection::test_adi_without_token
ERROR tests/test_integration/test_auth_flow.py::TestEndpointProtection::test_invalid_token_format
ERROR tests/test_integration/test_auth_flow.py::TestEndpointProtection::test_expired_looking_token
ERROR tests/test_integration/test_auth_flow.py::TestEndpointProtection::test_auth_endpoint_is_public
ERROR tests/test_integration/test_auth_flow.py::TestEndpointProtection::test_health_endpoint_is_public
ERROR tests/test_integration/test_auth_flow.py::TestAuthenticatedAccess::test_animals_with_valid_token
ERROR tests/test_integration/test_auth_flow.py::TestAuthenticatedAccess::test_get_me_returns_current_user
ERROR tests/test_integration/test_auth_flow.py::TestAuthenticatedAccess::test_multiple_users_isolated
ERROR tests/test_integration/test_auth_flow.py::TestTokenRefresh::test_refresh_returns_new_tokens
ERROR tests/test_integration/test_auth_flow.py::TestTokenRefresh::test_refresh_with_access_token_fails
ERROR tests/test_integration/test_auth_flow.py::TestTokenRefresh::test_invalid_refresh_token_fails
ERROR tests/test_integration/test_auth_flow.py::TestLogout::test_logout_success
ERROR tests/test_integration/test_auth_flow.py::TestLogout::test_logout_invalidates_refresh_token
ERROR tests/test_integration/test_auth_flow.py::TestLogout::test_logout_without_token
ERROR tests/test_integration/test_auth_flow.py::TestRoleBasedAccess::test_admin_can_list_users
ERROR tests/test_integration/test_auth_flow.py::TestRoleBasedAccess::test_viewer_cannot_list_users
ERROR tests/test_integration/test_auth_flow.py::TestRoleBasedAccess::test_manager_cannot_list_users
ERROR tests/test_integration/test_auth_flow.py::TestRoleBasedAccess::test_admin_can_create_user
ERROR tests/test_integration/test_auth_flow.py::TestRoleBasedAccess::test_viewer_cannot_create_user
ERROR tests/test_integration/test_auth_flow.py::TestPasswordChange::test_change_password_success
ERROR tests/test_integration/test_auth_flow.py::TestPasswordChange::test_change_password_wrong_current
ERROR tests/test_integration/test_auth_flow.py::TestPasswordChange::test_change_password_same_as_current
ERROR tests/test_integration/test_auth_flow.py::TestFullAuthChain::test_full_user_lifecycle
ERROR tests/test_integration/test_auth_flow.py::TestFullAuthChain::test_duplicate_email_rejected
ERROR tests/test_integration/test_auth_flow.py::TestFullAuthChain::test_admin_cannot_deactivate_self
ERROR tests/test_integration/test_camera_detection.py::TestCameraDetectionIntegration::test_camera_to_yolo_pipeline
ERROR tests/test_integration/test_camera_detection.py::TestCameraDetectionIntegration::test_api_to_camera_to_detection_workflow
ERROR tests/test_integration/test_health_alert_chain.py::TestEndToEndHealthMonitoring::test_create_resolve_health_record_cycle
ERROR tests/test_integration/test_health_alert_chain.py::TestEndToEndHealthMonitoring::test_alert_to_notification_api_chain
ERROR tests/test_integration/test_health_alert_chain.py::TestEndToEndHealthMonitoring::test_behavior_then_alert_flow
ERROR tests/test_integration/test_health_alert_chain.py::TestEndToEndHealthMonitoring::test_full_health_monitoring_dashboard_data
ERROR tests/test_integration/test_weight_pipeline.py::TestWeightPipeline::test_inject_creates_weight
ERROR tests/test_integration/test_weight_pipeline.py::TestWeightPipeline::test_inject_weight_values
ERROR tests/test_integration/test_weight_pipeline.py::TestWeightPipeline::test_low_confidence_no_weight
ERROR tests/test_integration/test_weight_pipeline.py::TestWeightPipeline::test_multiple_inject_multiple_weights
ERROR tests/test_integration/test_weight_pipeline.py::TestWeightPipeline::test_unidentified_no_weight
ERROR tests/test_integration/test_weight_pipeline.py::TestWeightPipeline::test_inject_updates_animal_last_detected
ERROR tests/test_integration/test_weight_pipeline.py::TestWeightDashboard::test_weights_list_after_inject
ERROR tests/test_integration/test_weight_pipeline.py::TestWeightDashboard::test_animal_weights_after_inject
ERROR tests/test_services/test_camera/test_edge_cases.py::TestCameraEdgeCases::test_api_rapid_requests
ERROR tests/test_services/test_camera/test_edge_cases.py::TestCameraEdgeCases::test_api_malformed_json
ERROR tests/test_services/test_camera/test_rtsp_camera.py::TestRTSPCamera::test_start_success
ERROR tests/test_services/test_camera/test_rtsp_camera.py::TestRTSPCamera::test_start_connection_failure
ERROR tests/test_services/test_camera/test_rtsp_camera.py::TestRTSPCamera::test_get_frame_success
ERROR tests/test_services/test_camera/test_rtsp_camera.py::TestRTSPCamera::test_get_frame_read_failure
ERROR tests/test_services/test_camera/test_rtsp_camera.py::TestRTSPCamera::test_auto_reconnect_after_errors
ERROR tests/test_services/test_camera/test_rtsp_camera.py::TestRTSPCamera::test_frame_caching
ERROR tests/test_services/test_camera/test_rtsp_camera.py::TestRTSPCamera::test_stop
ERROR tests/test_services/test_camera/test_rtsp_camera.py::TestRTSPCamera::test_get_fps
ERROR tests/test_services/test_camera/test_rtsp_camera.py::TestRTSPCamera::test_get_stats
ERROR tests/test_services/test_camera/test_rtsp_camera.py::TestRTSPCamera::test_buffer_size_configuration
ERROR tests/test_services/test_camera/test_rtsp_camera.py::TestRTSPCamera::test_connection_timeout_configuration
ERROR tests/test_services/test_camera/test_rtsp_camera.py::TestRTSPCamera::test_reconnect_interval
ERROR tests/test_services/test_camera/test_rtsp_camera.py::TestRTSPCamera::test_frame_resize
ERROR tests/test_services/test_camera/test_rtsp_camera.py::TestRTSPCamera::test_statistics_tracking
ERROR tests/test_services/test_camera/test_rtsp_camera.py::TestRTSPCamera::test_error_count_increments
ERROR tests/test_services/test_camera/test_rtsp_camera.py::TestRTSPCamera::test_last_frame_age_tracking
ERROR tests/test_services/test_camera/test_rtsp_camera.py::TestRTSPCamera::test_already_running_warning
ERROR tests/test_services/test_camera/test_rtsp_camera.py::TestRTSPCamera::test_exception_handling_in_get_frame
ERROR tests/test_services/test_camera/test_usb_camera.py::TestUSBCamera::test_start_success
ERROR tests/test_services/test_camera/test_usb_camera.py::TestUSBCamera::test_start_connection_failure
ERROR tests/test_services/test_camera/test_usb_camera.py::TestUSBCamera::test_get_frame_success
ERROR tests/test_services/test_camera/test_usb_camera.py::TestUSBCamera::test_get_frame_read_failure
ERROR tests/test_services/test_camera/test_usb_camera.py::TestUSBCamera::test_auto_reconnect_enabled
ERROR tests/test_services/test_camera/test_usb_camera.py::TestUSBCamera::test_auto_reconnect_disabled
ERROR tests/test_services/test_camera/test_usb_camera.py::TestUSBCamera::test_stop
ERROR tests/test_services/test_camera/test_usb_camera.py::TestUSBCamera::test_get_fps_actual
ERROR tests/test_services/test_camera/test_usb_camera.py::TestUSBCamera::test_get_fps_fallback
ERROR tests/test_services/test_camera/test_usb_camera.py::TestUSBCamera::test_get_resolution_actual
ERROR tests/test_services/test_camera/test_usb_camera.py::TestUSBCamera::test_get_resolution_fallback
ERROR tests/test_services/test_camera/test_usb_camera.py::TestUSBCamera::test_get_stats
ERROR tests/test_services/test_camera/test_usb_camera.py::TestUSBCamera::test_resolution_configuration
ERROR tests/test_services/test_camera/test_usb_camera.py::TestUSBCamera::test_fps_configuration
ERROR tests/test_services/test_camera/test_usb_camera.py::TestUSBCamera::test_frame_resize
ERROR tests/test_services/test_camera/test_usb_camera.py::TestUSBCamera::test_statistics_tracking
ERROR tests/test_services/test_camera/test_usb_camera.py::TestUSBCamera::test_error_count_increments
ERROR tests/test_services/test_camera/test_usb_camera.py::TestUSBCamera::test_frame_caching
ERROR tests/test_services/test_camera/test_usb_camera.py::TestUSBCamera::test_already_running_warning
ERROR tests/test_services/test_camera/test_usb_camera.py::TestUSBCamera::test_exception_handling_in_get_frame
ERROR tests/test_services/test_camera/test_usb_camera.py::TestUSBCamera::test_multiple_device_indices
ERROR tests/test_services/test_camera/test_usb_camera.py::TestUSBCamera::test_last_frame_age_tracking
===== 13 failed, 260 passed, 46 warnings, 663 errors in 133.17s (0:02:13) ======
