============================= test session starts ==============================
platform linux -- Python 3.12.3, pytest-9.0.2, pluggy-1.6.0 -- /home/ismoil/taurus-vision/backend/venv/bin/python3
cachedir: .pytest_cache
rootdir: /home/ismoil/taurus-vision/backend
configfile: pytest.ini
plugins: anyio-4.12.1, asyncio-1.3.0
asyncio: mode=Mode.AUTO, debug=False, asyncio_default_fixture_loop_scope=None, asyncio_default_test_loop_scope=function
collecting ... collected 936 items

tests/test_api/test_adi_api.py::TestFarmSummary::test_farm_summary_empty_db ERROR [  0%]
tests/test_api/test_adi_api.py::TestFarmSummary::test_farm_summary_fields ERROR [  0%]
tests/test_api/test_adi_api.py::TestFarmSummary::test_farm_summary_with_animals ERROR [  0%]
tests/test_api/test_adi_api.py::TestFarmSummary::test_no_token ERROR     [  0%]
tests/test_api/test_adi_api.py::TestAnimalADI::test_animal_adi_no_log ERROR [  0%]
tests/test_api/test_adi_api.py::TestAnimalADI::test_animal_adi_nonexistent ERROR [  0%]
tests/test_api/test_adi_api.py::TestADICalculate::test_calculate_valid ERROR [  0%]
tests/test_api/test_adi_api.py::TestADICalculate::test_calculate_missing_animal ERROR [  0%]
tests/test_api/test_adi_api.py::TestADICalculate::test_calculate_response_has_score ERROR [  0%]
tests/test_api/test_alerts_api.py::TestAlertList::test_list_empty ERROR  [  1%]
tests/test_api/test_alerts_api.py::TestAlertList::test_list_with_alerts ERROR [  1%]
tests/test_api/test_alerts_api.py::TestAlertList::test_list_filter_severity ERROR [  1%]
tests/test_api/test_alerts_api.py::TestAlertList::test_list_no_token ERROR [  1%]
tests/test_api/test_alerts_api.py::TestAlertStats::test_stats_empty ERROR [  1%]
tests/test_api/test_alerts_api.py::TestAlertStats::test_stats_with_data ERROR [  1%]
tests/test_api/test_alerts_api.py::TestAlertCreate::test_create_valid ERROR [  1%]
tests/test_api/test_alerts_api.py::TestAlertCreate::test_create_missing_animal ERROR [  1%]
tests/test_api/test_alerts_api.py::TestAlertCreate::test_create_no_token ERROR [  1%]
tests/test_api/test_alerts_api.py::TestAlertGet::test_get_existing ERROR [  2%]
tests/test_api/test_alerts_api.py::TestAlertGet::test_get_nonexistent ERROR [  2%]
tests/test_api/test_alerts_api.py::TestAlertActions::test_mark_seen ERROR [  2%]
tests/test_api/test_alerts_api.py::TestAlertActions::test_resolve ERROR  [  2%]
tests/test_api/test_alerts_api.py::TestAlertActions::test_dismiss ERROR  [  2%]
tests/test_api/test_alerts_api.py::TestAlertActions::test_resolve_nonexistent ERROR [  2%]
tests/test_api/test_alerts_api.py::TestAlertActions::test_no_token ERROR [  2%]
tests/test_api/test_analytics_api.py::TestDashboardOverview::test_200_empty_db ERROR [  2%]
tests/test_api/test_analytics_api.py::TestDashboardOverview::test_required_top_level_sections ERROR [  2%]
tests/test_api/test_analytics_api.py::TestDashboardOverview::test_animals_section_fields ERROR [  2%]
tests/test_api/test_analytics_api.py::TestDashboardOverview::test_reflects_real_data ERROR [  3%]
tests/test_api/test_analytics_api.py::TestDashboardOverview::test_no_token_401 ERROR [  3%]
tests/test_api/test_analytics_api.py::TestDashboardOverview::test_invalid_token_401 ERROR [  3%]
tests/test_api/test_analytics_api.py::TestWeightTrends::test_200_empty ERROR [  3%]
tests/test_api/test_analytics_api.py::TestWeightTrends::test_schema_has_data_list ERROR [  3%]
tests/test_api/test_analytics_api.py::TestWeightTrends::test_with_data_returns_points ERROR [  3%]
tests/test_api/test_analytics_api.py::TestWeightTrends::test_per_animal_filter ERROR [  3%]
tests/test_api/test_analytics_api.py::TestWeightTrends::test_invalid_animal_404 ERROR [  3%]
tests/test_api/test_analytics_api.py::TestWeightTrends::test_aggregation_weekly ERROR [  3%]
tests/test_api/test_analytics_api.py::TestWeightTrends::test_invalid_aggregation_422 ERROR [  4%]
tests/test_api/test_analytics_api.py::TestWeightTrends::test_no_token_401 ERROR [  4%]
tests/test_api/test_analytics_api.py::TestDetectionPatterns::test_200_with_dates ERROR [  4%]
tests/test_api/test_analytics_api.py::TestDetectionPatterns::test_missing_dates_422 ERROR [  4%]
tests/test_api/test_analytics_api.py::TestDetectionPatterns::test_date_to_before_from_400 ERROR [  4%]
tests/test_api/test_analytics_api.py::TestDetectionPatterns::test_range_over_365_days_400 ERROR [  4%]
tests/test_api/test_analytics_api.py::TestDetectionPatterns::test_with_detections ERROR [  4%]
tests/test_api/test_analytics_api.py::TestDetectionPatterns::test_no_token_401 ERROR [  4%]
tests/test_api/test_analytics_api.py::TestHealthMetrics::test_200 ERROR  [  4%]
tests/test_api/test_analytics_api.py::TestHealthMetrics::test_required_fields ERROR [  5%]
tests/test_api/test_analytics_api.py::TestHealthMetrics::test_risk_score_in_range ERROR [  5%]
tests/test_api/test_analytics_api.py::TestHealthMetrics::test_no_token_401 ERROR [  5%]
tests/test_api/test_analytics_api.py::TestCameraPerformance::test_200 ERROR [  5%]
tests/test_api/test_analytics_api.py::TestCameraPerformance::test_has_cameras_or_data ERROR [  5%]
tests/test_api/test_analytics_api.py::TestCameraPerformance::test_days_param_range ERROR [  5%]
tests/test_api/test_analytics_api.py::TestCameraPerformance::test_no_token_401 ERROR [  5%]
tests/test_api/test_analytics_api.py::TestADITrends::test_200_empty ERROR [  5%]
tests/test_api/test_analytics_api.py::TestADITrends::test_schema_fields ERROR [  5%]
tests/test_api/test_analytics_api.py::TestADITrends::test_stats_subfields ERROR [  5%]
tests/test_api/test_analytics_api.py::TestADITrends::test_with_data_returns_points ERROR [  6%]
tests/test_api/test_analytics_api.py::TestADITrends::test_individual_animal ERROR [  6%]
tests/test_api/test_analytics_api.py::TestADITrends::test_trend_direction_valid_values ERROR [  6%]
tests/test_api/test_analytics_api.py::TestADITrends::test_declining_animal_trend ERROR [  6%]
tests/test_api/test_analytics_api.py::TestADITrends::test_invalid_animal_404 ERROR [  6%]
tests/test_api/test_analytics_api.py::TestADITrends::test_days_boundaries_valid ERROR [  6%]
tests/test_api/test_analytics_api.py::TestADITrends::test_days_too_low_422 ERROR [  6%]
tests/test_api/test_analytics_api.py::TestADITrends::test_no_token_401 ERROR [  6%]
tests/test_api/test_analytics_api.py::TestGrowthTrends::test_200_empty ERROR [  6%]
tests/test_api/test_analytics_api.py::TestGrowthTrends::test_schema_fields ERROR [  7%]
tests/test_api/test_analytics_api.py::TestGrowthTrends::test_regression_present_with_data ERROR [  7%]
tests/test_api/test_analytics_api.py::TestGrowthTrends::test_regression_fields_when_present ERROR [  7%]
tests/test_api/test_analytics_api.py::TestGrowthTrends::test_weight_increasing_for_growing_animal ERROR [  7%]
tests/test_api/test_analytics_api.py::TestGrowthTrends::test_invalid_animal_404 ERROR [  7%]
tests/test_api/test_analytics_api.py::TestGrowthTrends::test_days_min_boundary ERROR [  7%]
tests/test_api/test_analytics_api.py::TestGrowthTrends::test_days_too_low_422 ERROR [  7%]
tests/test_api/test_analytics_api.py::TestGrowthTrends::test_no_token_401 ERROR [  7%]
tests/test_api/test_analytics_api.py::TestBehaviorTrends::test_200_empty ERROR [  7%]
tests/test_api/test_analytics_api.py::TestBehaviorTrends::test_schema_fields ERROR [  8%]
tests/test_api/test_analytics_api.py::TestBehaviorTrends::test_with_adi_data_returns_points ERROR [  8%]
tests/test_api/test_analytics_api.py::TestBehaviorTrends::test_individual_animal ERROR [  8%]
tests/test_api/test_analytics_api.py::TestBehaviorTrends::test_invalid_animal_404 ERROR [  8%]
tests/test_api/test_analytics_api.py::TestBehaviorTrends::test_no_token_401 ERROR [  8%]
tests/test_api/test_analytics_api.py::TestAnimalComparison::test_200_two_animals ERROR [  8%]
tests/test_api/test_analytics_api.py::TestAnimalComparison::test_schema_fields ERROR [  8%]
tests/test_api/test_analytics_api.py::TestAnimalComparison::test_all_three_animals ERROR [  8%]
tests/test_api/test_analytics_api.py::TestAnimalComparison::test_missing_param_422 ERROR [  8%]
tests/test_api/test_analytics_api.py::TestAnimalComparison::test_empty_ids_400 ERROR [  8%]
tests/test_api/test_analytics_api.py::TestAnimalComparison::test_over_10_animals_400 ERROR [  9%]
tests/test_api/test_analytics_api.py::TestAnimalComparison::test_non_integer_ids_400 ERROR [  9%]
tests/test_api/test_analytics_api.py::TestAnimalComparison::test_nonexistent_id_error ERROR [  9%]
tests/test_api/test_analytics_api.py::TestAnimalComparison::test_days_reflected_in_response ERROR [  9%]
tests/test_api/test_analytics_api.py::TestAnimalComparison::test_no_token_401 ERROR [  9%]
tests/test_api/test_analytics_api.py::TestPeriodComparison::test_200_empty ERROR [  9%]
tests/test_api/test_analytics_api.py::TestPeriodComparison::test_schema_fields ERROR [  9%]
tests/test_api/test_analytics_api.py::TestPeriodComparison::test_deltas_is_list ERROR [  9%]
tests/test_api/test_analytics_api.py::TestPeriodComparison::test_overall_assessment_valid_value ERROR [  9%]
tests/test_api/test_analytics_api.py::TestPeriodComparison::test_days_7_and_90 ERROR [ 10%]
tests/test_api/test_analytics_api.py::TestPeriodComparison::test_days_too_low_422 ERROR [ 10%]
tests/test_api/test_analytics_api.py::TestPeriodComparison::test_no_token_401 ERROR [ 10%]
tests/test_api/test_analytics_api.py::TestHerdStatistics::test_200_empty ERROR [ 10%]
tests/test_api/test_analytics_api.py::TestHerdStatistics::test_top_level_schema ERROR [ 10%]
tests/test_api/test_analytics_api.py::TestHerdStatistics::test_kpi_fields_present ERROR [ 10%]
tests/test_api/test_analytics_api.py::TestHerdStatistics::test_feed_efficiency_none_without_feed_data ERROR [ 10%]
tests/test_api/test_analytics_api.py::TestHerdStatistics::test_adi_distribution_categories ERROR [ 10%]
tests/test_api/test_analytics_api.py::TestHerdStatistics::test_active_animals_count ERROR [ 10%]
tests/test_api/test_analytics_api.py::TestHerdStatistics::test_species_breakdown_correct ERROR [ 11%]
tests/test_api/test_analytics_api.py::TestHerdStatistics::test_health_score_in_range ERROR [ 11%]
tests/test_api/test_analytics_api.py::TestHerdStatistics::test_coverage_pct_in_range ERROR [ 11%]
tests/test_api/test_analytics_api.py::TestHerdStatistics::test_age_distribution_is_list ERROR [ 11%]
tests/test_api/test_analytics_api.py::TestHerdStatistics::test_adi_distribution_totals_match_animals ERROR [ 11%]
tests/test_api/test_analytics_api.py::TestHerdStatistics::test_no_token_401 ERROR [ 11%]
tests/test_api/test_analytics_api.py::TestAutomatedInsights::test_200_empty ERROR [ 11%]
tests/test_api/test_analytics_api.py::TestAutomatedInsights::test_schema_fields ERROR [ 11%]
tests/test_api/test_analytics_api.py::TestAutomatedInsights::test_summary_subfields ERROR [ 11%]
tests/test_api/test_analytics_api.py::TestAutomatedInsights::test_summary_total_equals_list_length ERROR [ 11%]
tests/test_api/test_analytics_api.py::TestAutomatedInsights::test_with_data_generates_insights ERROR [ 12%]
tests/test_api/test_analytics_api.py::TestAutomatedInsights::test_insight_item_required_fields ERROR [ 12%]
tests/test_api/test_analytics_api.py::TestAutomatedInsights::test_insight_severity_valid_values ERROR [ 12%]
tests/test_api/test_analytics_api.py::TestAutomatedInsights::test_action_required_is_bool ERROR [ 12%]
tests/test_api/test_analytics_api.py::TestAutomatedInsights::test_days_param_valid_range ERROR [ 12%]
tests/test_api/test_analytics_api.py::TestAutomatedInsights::test_days_too_low_422 ERROR [ 12%]
tests/test_api/test_analytics_api.py::TestAutomatedInsights::test_no_token_401 ERROR [ 12%]
tests/test_api/test_analytics_api.py::TestAnalyticsRoleAccess::test_manager_reads_all ERROR [ 12%]
tests/test_api/test_analytics_api.py::TestAnalyticsRoleAccess::test_viewer_reads_all ERROR [ 12%]
tests/test_api/test_animals_api.py::TestAnimalsList::test_list_empty ERROR [ 13%]
tests/test_api/test_animals_api.py::TestAnimalsList::test_list_with_animals ERROR [ 13%]
tests/test_api/test_animals_api.py::TestAnimalsList::test_list_pagination ERROR [ 13%]
tests/test_api/test_animals_api.py::TestAnimalsList::test_list_filter_species ERROR [ 13%]
tests/test_api/test_animals_api.py::TestAnimalsList::test_list_no_token ERROR [ 13%]
tests/test_api/test_animals_api.py::TestAnimalCreate::test_create_valid ERROR [ 13%]
tests/test_api/test_animals_api.py::TestAnimalCreate::test_create_duplicate_tag ERROR [ 13%]
tests/test_api/test_animals_api.py::TestAnimalCreate::test_create_invalid_species ERROR [ 13%]
tests/test_api/test_animals_api.py::TestAnimalCreate::test_create_missing_required_field ERROR [ 13%]
tests/test_api/test_animals_api.py::TestAnimalCreate::test_create_no_token ERROR [ 13%]
tests/test_api/test_animals_api.py::TestAnimalGet::test_get_existing ERROR [ 14%]
tests/test_api/test_animals_api.py::TestAnimalGet::test_get_nonexistent ERROR [ 14%]
tests/test_api/test_animals_api.py::TestAnimalGet::test_get_response_fields ERROR [ 14%]
tests/test_api/test_animals_api.py::TestAnimalGet::test_get_no_token ERROR [ 14%]
tests/test_api/test_animals_api.py::TestAnimalUpdate::test_update_status ERROR [ 14%]
tests/test_api/test_animals_api.py::TestAnimalUpdate::test_update_notes ERROR [ 14%]
tests/test_api/test_animals_api.py::TestAnimalUpdate::test_update_nonexistent ERROR [ 14%]
tests/test_api/test_animals_api.py::TestAnimalUpdate::test_update_no_token ERROR [ 14%]
tests/test_api/test_animals_api.py::TestAnimalDelete::test_delete_existing ERROR [ 14%]
tests/test_api/test_animals_api.py::TestAnimalDelete::test_delete_nonexistent ERROR [ 15%]
tests/test_api/test_animals_api.py::TestAnimalDelete::test_delete_no_token ERROR [ 15%]
tests/test_api/test_animals_api.py::TestAnimalDetections::test_detections_empty ERROR [ 15%]
tests/test_api/test_animals_api.py::TestAnimalDetections::test_detections_with_data ERROR [ 15%]
tests/test_api/test_animals_api.py::TestAnimalDetections::test_detections_limit ERROR [ 15%]
tests/test_api/test_auth_api.py::TestLogin::test_login_success_username ERROR [ 15%]
tests/test_api/test_auth_api.py::TestLogin::test_login_success_email ERROR [ 15%]
tests/test_api/test_auth_api.py::TestLogin::test_login_wrong_password ERROR [ 15%]
tests/test_api/test_auth_api.py::TestLogin::test_login_unknown_user ERROR [ 15%]
tests/test_api/test_auth_api.py::TestLogin::test_login_missing_fields ERROR [ 16%]
tests/test_api/test_auth_api.py::TestLogin::test_login_inactive_user ERROR [ 16%]
tests/test_api/test_auth_api.py::TestRefresh::test_refresh_success ERROR [ 16%]
tests/test_api/test_auth_api.py::TestRefresh::test_refresh_invalid_token ERROR [ 16%]
tests/test_api/test_auth_api.py::TestRefresh::test_refresh_empty_token ERROR [ 16%]
tests/test_api/test_auth_api.py::TestRefresh::test_refresh_access_token_rejected ERROR [ 16%]
tests/test_api/test_auth_api.py::TestLogout::test_logout_success ERROR   [ 16%]
tests/test_api/test_auth_api.py::TestLogout::test_logout_without_token ERROR [ 16%]
tests/test_api/test_auth_api.py::TestLogout::test_refresh_after_logout_fails ERROR [ 16%]
tests/test_api/test_auth_api.py::TestMe::test_me_authenticated ERROR     [ 16%]
tests/test_api/test_auth_api.py::TestMe::test_me_unauthenticated ERROR   [ 17%]
tests/test_api/test_auth_api.py::TestMe::test_me_invalid_token ERROR     [ 17%]
tests/test_api/test_behavior_api.py::TestAnimalBehavior::test_behavior_no_data ERROR [ 17%]
tests/test_api/test_behavior_api.py::TestAnimalBehavior::test_behavior_response_structure ERROR [ 17%]
tests/test_api/test_behavior_api.py::TestAnimalBehavior::test_behavior_with_detections ERROR [ 17%]
tests/test_api/test_behavior_api.py::TestAnimalBehavior::test_behavior_score_range ERROR [ 17%]
tests/test_api/test_behavior_api.py::TestAnimalBehavior::test_behavior_status_values ERROR [ 17%]
tests/test_api/test_behavior_api.py::TestAnimalBehavior::test_behavior_hours_param ERROR [ 17%]
tests/test_api/test_behavior_api.py::TestAnimalBehavior::test_behavior_hours_invalid ERROR [ 17%]
tests/test_api/test_behavior_api.py::TestAnimalBehavior::test_behavior_nonexistent_animal ERROR [ 18%]
tests/test_api/test_behavior_api.py::TestAnimalBehavior::test_behavior_requires_auth ERROR [ 18%]
tests/test_api/test_behavior_api.py::TestAnimalBehavior::test_behavior_animal_tag_correct ERROR [ 18%]
tests/test_api/test_behavior_api.py::TestTriggerBehaviorAnalysis::test_trigger_returns_analysis ERROR [ 18%]
tests/test_api/test_behavior_api.py::TestTriggerBehaviorAnalysis::test_trigger_requires_manager ERROR [ 18%]
tests/test_api/test_behavior_api.py::TestTriggerBehaviorAnalysis::test_trigger_nonexistent_animal ERROR [ 18%]
tests/test_api/test_behavior_api.py::TestHerdSummary::test_herd_summary_structure ERROR [ 18%]
tests/test_api/test_behavior_api.py::TestHerdSummary::test_herd_summary_counts_consistent ERROR [ 18%]
tests/test_api/test_behavior_api.py::TestHerdSummary::test_herd_summary_avg_scores_range ERROR [ 18%]
tests/test_api/test_behavior_api.py::TestHerdSummary::test_herd_summary_hours_param ERROR [ 19%]
tests/test_api/test_behavior_api.py::TestHerdSummary::test_herd_summary_invalid_hours ERROR [ 19%]
tests/test_api/test_behavior_api.py::TestHerdSummary::test_herd_summary_attention_needed_structure ERROR [ 19%]
tests/test_api/test_behavior_api.py::TestBehaviorTimeline::test_timeline_empty ERROR [ 19%]
tests/test_api/test_behavior_api.py::TestBehaviorTimeline::test_timeline_with_detections ERROR [ 19%]
tests/test_api/test_behavior_api.py::TestBehaviorTimeline::test_timeline_entry_structure ERROR [ 19%]
tests/test_api/test_behavior_api.py::TestBehaviorTimeline::test_timeline_sorted_chronologically ERROR [ 19%]
tests/test_api/test_behavior_api.py::TestBehaviorTimeline::test_timeline_hours_minimum ERROR [ 19%]
tests/test_api/test_behavior_api.py::TestBehaviorTimeline::test_timeline_nonexistent_animal ERROR [ 19%]
tests/test_api/test_behavior_api.py::TestBehaviorAnomalies::test_anomalies_no_detections ERROR [ 19%]
tests/test_api/test_behavior_api.py::TestBehaviorAnomalies::test_anomaly_structure ERROR [ 20%]
tests/test_api/test_behavior_api.py::TestBehaviorAnomalies::test_anomaly_severity_values ERROR [ 20%]
tests/test_api/test_behavior_api.py::TestBehaviorAnomalies::test_anomalies_days_param ERROR [ 20%]
tests/test_api/test_behavior_api.py::TestBehaviorAnomalies::test_anomalies_invalid_days ERROR [ 20%]
tests/test_api/test_behavior_api.py::TestBehaviorAnomalies::test_anomalies_nonexistent_animal ERROR [ 20%]
tests/test_api/test_behavior_api.py::TestBehaviorAnomalies::test_anomalies_requires_auth ERROR [ 20%]
tests/test_api/test_breeding_api.py::TestBreedingAuthGuard::test_list_no_token ERROR [ 20%]
tests/test_api/test_breeding_api.py::TestBreedingAuthGuard::test_create_no_token ERROR [ 20%]
tests/test_api/test_breeding_api.py::TestBreedingAuthGuard::test_stats_no_token ERROR [ 20%]
tests/test_api/test_breeding_api.py::TestBreedingCreate::test_create_natural ERROR [ 21%]
tests/test_api/test_breeding_api.py::TestBreedingCreate::test_create_ai_method ERROR [ 21%]
tests/test_api/test_breeding_api.py::TestBreedingCreate::test_create_missing_dam_rejected ERROR [ 21%]
tests/test_api/test_breeding_api.py::TestBreedingCreate::test_viewer_cannot_create ERROR [ 21%]
tests/test_api/test_breeding_api.py::TestBreedingList::test_list_empty ERROR [ 21%]
tests/test_api/test_breeding_api.py::TestBreedingList::test_list_with_data ERROR [ 21%]
tests/test_api/test_breeding_api.py::TestBreedingList::test_active_pregnancies ERROR [ 21%]
tests/test_api/test_breeding_api.py::TestBreedingList::test_stats ERROR  [ 21%]
tests/test_api/test_breeding_api.py::TestBreedingList::test_available_females ERROR [ 21%]
tests/test_api/test_breeding_api.py::TestBreedingList::test_available_males ERROR [ 22%]
tests/test_api/test_breeding_api.py::TestBreedingDetail::test_get_existing ERROR [ 22%]
tests/test_api/test_breeding_api.py::TestBreedingDetail::test_get_nonexistent ERROR [ 22%]
tests/test_api/test_breeding_api.py::TestBreedingDetail::test_update_notes ERROR [ 22%]
tests/test_api/test_breeding_api.py::TestBreedingDetail::test_delete ERROR [ 22%]
tests/test_api/test_breeding_api.py::TestBreedingDetail::test_mark_failed ERROR [ 22%]
tests/test_api/test_breeding_api.py::TestBreedingDetail::test_genealogy ERROR [ 22%]
tests/test_api/test_breeding_api.py::TestBreedingDetail::test_animal_history ERROR [ 22%]
tests/test_api/test_cameras.py::TestHealthRecordCreate::test_create_minimal ERROR [ 22%]
tests/test_api/test_cameras.py::TestHealthRecordCreate::test_create_full_payload ERROR [ 22%]
tests/test_api/test_cameras.py::TestHealthRecordCreate::test_create_critical_severity ERROR [ 23%]
tests/test_api/test_cameras.py::TestHealthRecordCreate::test_create_all_record_types ERROR [ 23%]
tests/test_api/test_cameras.py::TestHealthRecordCreate::test_create_requires_manager ERROR [ 23%]
tests/test_api/test_cameras.py::TestHealthRecordCreate::test_create_nonexistent_animal ERROR [ 23%]
tests/test_api/test_cameras.py::TestHealthRecordCreate::test_create_invalid_record_type ERROR [ 23%]
tests/test_api/test_cameras.py::TestHealthRecordCreate::test_create_unauthenticated ERROR [ 23%]
tests/test_api/test_cameras.py::TestHealthRecordList::test_list_empty ERROR [ 23%]
tests/test_api/test_cameras.py::TestHealthRecordList::test_list_with_records ERROR [ 23%]
tests/test_api/test_cameras.py::TestHealthRecordList::test_list_filter_by_type ERROR [ 23%]
tests/test_api/test_cameras.py::TestHealthRecordList::test_list_filter_by_severity ERROR [ 24%]
tests/test_api/test_cameras.py::TestHealthRecordList::test_list_pagination ERROR [ 24%]
tests/test_api/test_cameras.py::TestHealthRecordList::test_list_nonexistent_animal ERROR [ 24%]
tests/test_api/test_cameras.py::TestHealthRecordDetail::test_get_existing ERROR [ 24%]
tests/test_api/test_cameras.py::TestHealthRecordDetail::test_get_nonexistent ERROR [ 24%]
tests/test_api/test_cameras.py::TestHealthRecordDetail::test_get_all_fields_present ERROR [ 24%]
tests/test_api/test_cameras.py::TestHealthRecordUpdate::test_update_diagnosis ERROR [ 24%]
tests/test_api/test_cameras.py::TestHealthRecordUpdate::test_update_severity ERROR [ 24%]
tests/test_api/test_cameras.py::TestHealthRecordUpdate::test_update_requires_manager ERROR [ 24%]
tests/test_api/test_cameras.py::TestHealthRecordUpdate::test_update_nonexistent ERROR [ 25%]
tests/test_api/test_cameras.py::TestHealthRecordResolve::test_resolve_open_record ERROR [ 25%]
tests/test_api/test_cameras.py::TestHealthRecordResolve::test_resolve_requires_manager ERROR [ 25%]
tests/test_api/test_cameras.py::TestHealthRecordResolve::test_resolve_nonexistent ERROR [ 25%]
tests/test_api/test_cameras.py::TestHealthRecordDelete::test_delete_record ERROR [ 25%]
tests/test_api/test_cameras.py::TestHealthRecordDelete::test_delete_requires_manager ERROR [ 25%]
tests/test_api/test_cameras.py::TestHealthRecordDelete::test_delete_nonexistent ERROR [ 25%]
tests/test_api/test_cameras.py::TestHealthSummary::test_summary_structure ERROR [ 25%]
tests/test_api/test_cameras.py::TestHealthSummary::test_summary_health_score_range ERROR [ 25%]
tests/test_api/test_cameras.py::TestHealthSummary::test_summary_critical_record_lowers_score ERROR [ 25%]
tests/test_api/test_cameras.py::TestHealthSummary::test_summary_nonexistent_animal ERROR [ 26%]
tests/test_api/test_cameras.py::TestHealthStatistics::test_statistics_structure ERROR [ 26%]
tests/test_api/test_cameras.py::TestHealthStatistics::test_statistics_no_token ERROR [ 26%]
tests/test_api/test_cameras.py::TestUnresolvedAndCritical::test_unresolved_includes_new_records ERROR [ 26%]
tests/test_api/test_cameras.py::TestUnresolvedAndCritical::test_critical_endpoint ERROR [ 26%]
tests/test_api/test_cameras.py::TestUnresolvedAndCritical::test_upcoming_checkups ERROR [ 26%]
tests/test_api/test_cameras_api.py::TestCamerasAPI::test_register_simulated_camera_success ERROR [ 26%]
tests/test_api/test_cameras_api.py::TestCamerasAPI::test_register_rtsp_camera_success ERROR [ 26%]
tests/test_api/test_cameras_api.py::TestCamerasAPI::test_register_usb_camera_success ERROR [ 26%]
tests/test_api/test_cameras_api.py::TestCamerasAPI::test_register_camera_invalid_config ERROR [ 27%]
tests/test_api/test_cameras_api.py::TestCamerasAPI::test_register_camera_missing_required_field_rtsp ERROR [ 27%]
tests/test_api/test_cameras_api.py::TestCamerasAPI::test_register_duplicate_camera_id ERROR [ 27%]
tests/test_api/test_cameras_api.py::TestCamerasAPI::test_list_cameras_empty ERROR [ 27%]
tests/test_api/test_cameras_api.py::TestCamerasAPI::test_list_cameras_multiple ERROR [ 27%]
tests/test_api/test_cameras_api.py::TestCamerasAPI::test_get_camera_stats_success ERROR [ 27%]
tests/test_api/test_cameras_api.py::TestCamerasAPI::test_get_camera_stats_nonexistent ERROR [ 27%]
tests/test_api/test_cameras_api.py::TestCamerasAPI::test_get_all_camera_stats_empty ERROR [ 27%]
tests/test_api/test_cameras_api.py::TestCamerasAPI::test_get_all_camera_stats_multiple ERROR [ 27%]
tests/test_api/test_cameras_api.py::TestCamerasAPI::test_start_camera_success ERROR [ 27%]
tests/test_api/test_cameras_api.py::TestCamerasAPI::test_start_camera_nonexistent ERROR [ 28%]
tests/test_api/test_cameras_api.py::TestCamerasAPI::test_stop_camera_success ERROR [ 28%]
tests/test_api/test_cameras_api.py::TestCamerasAPI::test_stop_camera_nonexistent ERROR [ 28%]
tests/test_api/test_cameras_api.py::TestCamerasAPI::test_start_stop_cycle ERROR [ 28%]
tests/test_api/test_cameras_api.py::TestCamerasAPI::test_unregister_camera_success ERROR [ 28%]
tests/test_api/test_cameras_api.py::TestCamerasAPI::test_unregister_camera_nonexistent ERROR [ 28%]
tests/test_api/test_cameras_api.py::TestCamerasAPI::test_unregister_removes_from_list ERROR [ 28%]
tests/test_api/test_cameras_api.py::TestCamerasAPI::test_start_all_cameras_success ERROR [ 28%]
tests/test_api/test_cameras_api.py::TestCamerasAPI::test_start_all_cameras_empty ERROR [ 28%]
tests/test_api/test_cameras_api.py::TestCamerasAPI::test_stop_all_cameras_success ERROR [ 29%]
tests/test_api/test_cameras_api.py::TestCamerasAPI::test_camera_health_check_no_cameras ERROR [ 29%]
tests/test_api/test_cameras_api.py::TestCamerasAPI::test_camera_health_check_all_healthy ERROR [ 29%]
tests/test_api/test_cameras_api.py::TestCamerasAPI::test_camera_health_check_mixed_states ERROR [ 29%]
tests/test_api/test_cameras_api.py::TestCamerasAPI::test_complete_workflow ERROR [ 29%]
tests/test_api/test_cameras_api.py::TestSystemMetricsEndpoint::test_system_metrics_structure ERROR [ 29%]
tests/test_api/test_cameras_api.py::TestSystemMetricsEndpoint::test_system_metrics_values_in_range ERROR [ 29%]
tests/test_api/test_cameras_api.py::TestPipelineStatusEndpoint::test_all_status_format ERROR [ 29%]
tests/test_api/test_cameras_api.py::TestPipelineStatusEndpoint::test_unauthenticated_denied ERROR [ 29%]
tests/test_api/test_detection_api.py::TestDetectionUpload::test_upload_no_file ERROR [ 30%]
tests/test_api/test_detection_api.py::TestDetectionUpload::test_upload_invalid_file_type ERROR [ 30%]
tests/test_api/test_detection_api.py::TestDetectionUpload::test_upload_png_success ERROR [ 30%]
tests/test_api/test_detection_api.py::TestDetectionUpload::test_no_token ERROR [ 30%]
tests/test_api/test_detection_api.py::TestDetectionBase64::test_base64_invalid_data ERROR [ 30%]
tests/test_api/test_detection_api.py::TestDetectionBase64::test_base64_missing_field ERROR [ 30%]
tests/test_api/test_detection_api.py::TestDetectionBase64::test_base64_success ERROR [ 30%]
tests/test_api/test_detection_api.py::TestDetectionModelInfo::test_model_info ERROR [ 30%]
tests/test_api/test_detection_api.py::TestDetectionModelInfo::test_no_token ERROR [ 30%]
tests/test_api/test_detection_api.py::TestDetectionHealth::test_health_check ERROR [ 30%]
tests/test_api/test_employees_api.py::TestEmployeesAuthGuard::test_list_no_token ERROR [ 31%]
tests/test_api/test_employees_api.py::TestEmployeesAuthGuard::test_create_no_token ERROR [ 31%]
tests/test_api/test_employees_api.py::TestEmployeesAuthGuard::test_stats_no_token ERROR [ 31%]
tests/test_api/test_employees_api.py::TestEmployeeStats::test_stats_empty_db ERROR [ 31%]
tests/test_api/test_employees_api.py::TestEmployeeStats::test_stats_with_employees ERROR [ 31%]
tests/test_api/test_employees_api.py::TestEmployeeList::test_list_empty ERROR [ 31%]
tests/test_api/test_employees_api.py::TestEmployeeList::test_list_with_employees ERROR [ 31%]
tests/test_api/test_employees_api.py::TestEmployeeList::test_list_pagination ERROR [ 31%]
tests/test_api/test_employees_api.py::TestEmployeeList::test_list_filter_by_status ERROR [ 31%]
tests/test_api/test_employees_api.py::TestEmployeeList::test_list_search ERROR [ 32%]
tests/test_api/test_employees_api.py::TestEmployeeCreate::test_create_minimal ERROR [ 32%]
tests/test_api/test_employees_api.py::TestEmployeeCreate::test_create_full ERROR [ 32%]
tests/test_api/test_employees_api.py::TestEmployeeCreate::test_create_short_name_rejected ERROR [ 32%]
tests/test_api/test_employees_api.py::TestEmployeeCreate::test_create_empty_name_rejected ERROR [ 32%]
tests/test_api/test_employees_api.py::TestEmployeeCreate::test_viewer_cannot_create ERROR [ 32%]
tests/test_api/test_employees_api.py::TestEmployeeCreate::test_create_negative_salary_rejected ERROR [ 32%]
tests/test_api/test_employees_api.py::TestEmployeeDetail::test_get_existing ERROR [ 32%]
tests/test_api/test_employees_api.py::TestEmployeeDetail::test_get_nonexistent ERROR [ 32%]
tests/test_api/test_employees_api.py::TestEmployeeDetail::test_update_name ERROR [ 33%]
tests/test_api/test_employees_api.py::TestEmployeeDetail::test_update_phone ERROR [ 33%]
tests/test_api/test_employees_api.py::TestEmployeeDetail::test_viewer_cannot_update ERROR [ 33%]
tests/test_api/test_employees_api.py::TestEmployeeDetail::test_deactivate_requires_admin ERROR [ 33%]
tests/test_api/test_employees_api.py::TestEmployeeDetail::test_deactivate_as_admin ERROR [ 33%]
tests/test_api/test_employees_api.py::TestWorkerTaskStats::test_stats_empty ERROR [ 33%]
tests/test_api/test_employees_api.py::TestWorkerTaskStats::test_stats_with_tasks ERROR [ 33%]
tests/test_api/test_employees_api.py::TestWorkerTaskList::test_list_empty ERROR [ 33%]
tests/test_api/test_employees_api.py::TestWorkerTaskList::test_list_with_tasks ERROR [ 33%]
tests/test_api/test_employees_api.py::TestWorkerTaskList::test_filter_by_status ERROR [ 33%]
tests/test_api/test_employees_api.py::TestWorkerTaskList::test_filter_by_employee ERROR [ 34%]
tests/test_api/test_employees_api.py::TestWorkerTaskCreate::test_create_minimal ERROR [ 34%]
tests/test_api/test_employees_api.py::TestWorkerTaskCreate::test_create_full ERROR [ 34%]
tests/test_api/test_employees_api.py::TestWorkerTaskCreate::test_create_empty_title_rejected ERROR [ 34%]
tests/test_api/test_employees_api.py::TestWorkerTaskCreate::test_viewer_cannot_create_task ERROR [ 34%]
tests/test_api/test_employees_api.py::TestWorkerTaskDetail::test_get_existing ERROR [ 34%]
tests/test_api/test_employees_api.py::TestWorkerTaskDetail::test_get_nonexistent ERROR [ 34%]
tests/test_api/test_employees_api.py::TestWorkerTaskDetail::test_start_task ERROR [ 34%]
tests/test_api/test_employees_api.py::TestWorkerTaskDetail::test_complete_task ERROR [ 34%]
tests/test_api/test_employees_api.py::TestWorkerTaskDetail::test_cancel_task ERROR [ 35%]
tests/test_api/test_employees_api.py::TestWorkerTaskDetail::test_viewer_cannot_cancel ERROR [ 35%]
tests/test_api/test_export_api.py::TestExportAuthGuard::test_animals_csv_no_token ERROR [ 35%]
tests/test_api/test_export_api.py::TestExportAuthGuard::test_animals_excel_no_token ERROR [ 35%]
tests/test_api/test_export_api.py::TestExportAuthGuard::test_detections_csv_no_token ERROR [ 35%]
tests/test_api/test_export_api.py::TestExportAuthGuard::test_weights_excel_no_token ERROR [ 35%]
tests/test_api/test_export_api.py::TestExportAuthGuard::test_all_excel_no_token ERROR [ 35%]
tests/test_api/test_export_api.py::TestExportTemplates::test_get_templates ERROR [ 35%]
tests/test_api/test_export_api.py::TestExportTemplates::test_templates_have_required_fields ERROR [ 35%]
tests/test_api/test_export_api.py::TestExportAnimalsCSV::test_empty_db ERROR [ 36%]
tests/test_api/test_export_api.py::TestExportAnimalsCSV::test_with_animals ERROR [ 36%]
tests/test_api/test_export_api.py::TestExportAnimalsCSV::test_filter_status 